#
# There is insufficient memory for the Java Runtime Environment to continue.
# Native memory allocation (mmap) failed to map 65536 bytes for Failed to commit metaspace.
# Possible reasons:
#   The system is out of physical RAM or swap space
#   The process is running with CompressedOops enabled, and the Java Heap may be blocking the growth of the native heap
# Possible solutions:
#   Reduce memory load on the system
#   Increase physical memory or swap space
#   Check if swap backing store is full
#   Decrease Java heap size (-Xmx/-Xms)
#   Decrease number of Java threads
#   Decrease Java thread stack sizes (-Xss)
#   Set larger code cache with -XX:ReservedCodeCacheSize=
#   JVM is running with Zero Based Compressed Oops mode in which the Java heap is
#     placed in the first 32GB address space. The Java Heap base address is the
#     maximum limit for the native heap growth. Please use -XX:HeapBaseMinAddress
#     to set the Java Heap base and to place the Java Heap above 32GB virtual address.
# This output file may be truncated or incomplete.
#
#  Out of Memory Error (virtualSpaceNode.cpp:112), pid=40440, tid=7324
#
# JRE version: Java(TM) SE Runtime Environment Oracle GraalVM 21.0.7+8.1 (21.0.7+8) (build 21.0.7+8-LTS-jvmci-23.1-b60)
# Java VM: Java HotSpot(TM) 64-Bit Server VM Oracle GraalVM 21.0.7+8.1 (21.0.7+8-LTS-jvmci-23.1-b60, mixed mode, sharing, tiered, jvmci, jvmci compiler, compressed oops, compressed class ptrs, g1 gc, windows-amd64)
# No core dump will be written. Minidumps are not enabled by default on client versions of Windows
#

---------------  S U M M A R Y ------------

Command Line: -XX:ThreadPriorityPolicy=1 -XX:+UnlockExperimentalVMOptions -XX:+EnableJVMCIProduct -XX:-UnlockExperimentalVMOptions -javaagent:C:\Users\NATALI~1\AppData\Local\Temp\captureAgent1266jars\debugger-agent.jar=file:///C:/Users/NATALI~1/AppData/Local/Temp/capture3801213924684585768.props -ea -Didea.test.cyclic.buffer.size=1048576 -javaagent:D:\IntelliJ IDEA\IntelliJ IDEA 2026.1\lib\idea_rt.jar=56120 -Dkotlinx.coroutines.debug.enable.creation.stack.trace=false -Ddebugger.agent.enable.coroutines=true -Dkotlinx.coroutines.debug.enable.flows.stack.trace=true -Dkotlinx.coroutines.debug.enable.mutable.state.flows.stack.trace=true -Ddebugger.async.stack.trace.for.all.threads=true -Dfile.encoding=UTF-8 -Dsun.stdout.encoding=UTF-8 -Dsun.stderr.encoding=UTF-8 com.intellij.rt.testng.RemoteTestNGStarter -usedefaultlisteners false -socket56119 @w@C:\Users\NATALI~1\AppData\Local\Temp\idea_working_dirs_testng1.tmp -temp C:\Users\NATALI~1\AppData\Local\Temp\idea_testng1.tmp

Host: Intel(R) Core(TM) i5-7300HQ CPU @ 2.50GHz, 4 cores, 15G,  Windows 10 , 64 bit Build 19041 (10.0.19041.5915)
Time: Tue Jun  2 20:44:22 2026 Central Europe Daylight Time elapsed time: 19.253055 seconds (0d 0h 0m 19s)

---------------  T H R E A D  ---------------

Current thread (0x00000170d792f830):  JavaThread "main"             [_thread_in_vm, id=7324, stack(0x0000006027e00000,0x0000006027f00000) (1024K)]

Stack: [0x0000006027e00000,0x0000006027f00000]
Native frames: (J=compiled Java code, j=interpreted, Vv=VM code, C=native code)
V  [jvm.dll+0x6d4769]
V  [jvm.dll+0x85f091]
V  [jvm.dll+0x8615be]
V  [jvm.dll+0x861c93]
V  [jvm.dll+0x27e3a6]
V  [jvm.dll+0x85acae]
V  [jvm.dll+0x6783a5]
V  [jvm.dll+0x1e436c]
V  [jvm.dll+0x1e413e]
V  [jvm.dll+0x67acd3]
V  [jvm.dll+0x67aaf2]
V  [jvm.dll+0x678d7e]
V  [jvm.dll+0x2687ff]
V  [jvm.dll+0x6830f5]
V  [jvm.dll+0x215101]
V  [jvm.dll+0x21558a]
V  [jvm.dll+0x215fb1]
V  [jvm.dll+0x20b44e]
V  [jvm.dll+0x5b731c]
V  [jvm.dll+0x7d9196]
V  [jvm.dll+0x471626]
V  [jvm.dll+0x4774a8]
C  [java.dll+0x17ec]

Java frames: (J=compiled Java code, j=interpreted, Vv=VM code)
J 766  java.lang.ClassLoader.defineClass1(Ljava/lang/ClassLoader;Ljava/lang/String;[BIILjava/security/ProtectionDomain;Ljava/lang/String;)Ljava/lang/Class; java.base@21.0.7 (0 bytes) @ 0x00000170eab1d911 [0x00000170eab1d840+0x00000000000000d1]
J 1785 c1 java.lang.ClassLoader.defineClass(Ljava/lang/String;[BIILjava/security/ProtectionDomain;)Ljava/lang/Class; java.base@21.0.7 (43 bytes) @ 0x00000170e335c0d4 [0x00000170e335bc20+0x00000000000004b4]
J 1268 c1 java.security.SecureClassLoader.defineClass(Ljava/lang/String;[BIILjava/security/CodeSource;)Ljava/lang/Class; java.base@21.0.7 (16 bytes) @ 0x00000170e321bf9c [0x00000170e321bec0+0x00000000000000dc]
J 1725 c1 jdk.internal.loader.BuiltinClassLoader.defineClass(Ljava/lang/String;Ljdk/internal/loader/Resource;)Ljava/lang/Class; java.base@21.0.7 (121 bytes) @ 0x00000170e332fb84 [0x00000170e332ddc0+0x0000000000001dc4]
J 1155 c1 jdk.internal.loader.BuiltinClassLoader.findClassOnClassPathOrNull(Ljava/lang/String;)Ljava/lang/Class; java.base@21.0.7 (64 bytes) @ 0x00000170e31e51f4 [0x00000170e31e43a0+0x0000000000000e54]
J 732 c1 jdk.internal.loader.BuiltinClassLoader.loadClassOrNull(Ljava/lang/String;Z)Ljava/lang/Class; java.base@21.0.7 (143 bytes) @ 0x00000170e30f667c [0x00000170e30f56e0+0x0000000000000f9c]
J 784 c1 jdk.internal.loader.ClassLoaders$AppClassLoader.loadClass(Ljava/lang/String;Z)Ljava/lang/Class; java.base@21.0.7 (40 bytes) @ 0x00000170e3117b34 [0x00000170e3117800+0x0000000000000334]
J 780 c1 java.lang.ClassLoader.loadClass(Ljava/lang/String;)Ljava/lang/Class; java.base@21.0.7 (7 bytes) @ 0x00000170e311681c [0x00000170e31165c0+0x000000000000025c]
v  ~StubRoutines::call_stub 0x00000170ea4d100d
j  org.apache.xmlbeans.impl.schema.BuiltinSchemaTypeSystem.fillInType(I)V+1637
j  org.apache.xmlbeans.impl.schema.BuiltinSchemaTypeSystem.<clinit>()V+2212
v  ~StubRoutines::call_stub 0x00000170ea4d100d
j  org.apache.xmlbeans.XmlBeans.getNoType()Lorg/apache/xmlbeans/SchemaType;+0
j  org.apache.xmlbeans.XmlBeans.<clinit>()V+63
v  ~StubRoutines::call_stub 0x00000170ea4d100d
j  org.apache.xmlbeans.impl.schema.SchemaTypeLoaderBase.<clinit>()V+28
v  ~StubRoutines::call_stub 0x00000170ea4d100d
j  org.openxmlformats.schemas.drawingml.x2006.main.ThemeDocument.<clinit>()V+4
v  ~StubRoutines::call_stub 0x00000170ea4d100d
j  org.apache.poi.xssf.model.ThemesTable.readFrom(Ljava/io/InputStream;)V+1
j  org.apache.poi.xssf.model.ThemesTable.<init>(Lorg/apache/poi/openxml4j/opc/PackagePart;)V+14
j  org.apache.poi.xssf.usermodel.XSSFRelation$$Lambda+0x00000170813bd870.init(Lorg/apache/poi/openxml4j/opc/PackagePart;)Lorg/apache/poi/ooxml/POIXMLDocumentPart;+5
j  org.apache.poi.ooxml.POIXMLFactory.createDocumentPart(Lorg/apache/poi/ooxml/POIXMLDocumentPart;Lorg/apache/poi/openxml4j/opc/PackagePart;)Lorg/apache/poi/ooxml/POIXMLDocumentPart;+73
j  org.apache.poi.ooxml.POIXMLDocumentPart.read(Lorg/apache/poi/ooxml/POIXMLFactory;Ljava/util/Map;)V+301
j  org.apache.poi.ooxml.POIXMLDocument.load(Lorg/apache/poi/ooxml/POIXMLFactory;)V+11
j  org.apache.poi.xssf.usermodel.XSSFWorkbook.<init>(Lorg/apache/poi/openxml4j/opc/OPCPackage;)V+65
j  org.apache.poi.xssf.usermodel.XSSFWorkbook.<init>(Ljava/io/InputStream;Z)V+6
j  org.apache.poi.xssf.usermodel.XSSFWorkbook.<init>(Ljava/io/InputStream;)V+3
j  Base.ExcelReader.getCellValue(Ljava/lang/String;II)Ljava/lang/String;+14
j  Tests.SignupTest.UserCanSignupSuccessfully()V+67
j  java.lang.invoke.LambdaForm$DMH+0x000001708108c000.invokeVirtual(Ljava/lang/Object;Ljava/lang/Object;)V+10 java.base@21.0.7
j  java.lang.invoke.LambdaForm$MH+0x000001708108c800.invoke(Ljava/lang/Object;Ljava/lang/Object;)Ljava/lang/Object;+31 java.base@21.0.7
j  java.lang.invoke.Invokers$Holder.invokeExact_MT(Ljava/lang/Object;Ljava/lang/Object;Ljava/lang/Object;)Ljava/lang/Object;+19 java.base@21.0.7
j  jdk.internal.reflect.DirectMethodHandleAccessor.invokeImpl(Ljava/lang/Object;[Ljava/lang/Object;)Ljava/lang/Object;+41 java.base@21.0.7
j  jdk.internal.reflect.DirectMethodHandleAccessor.invoke(Ljava/lang/Object;[Ljava/lang/Object;)Ljava/lang/Object;+23 java.base@21.0.7
j  java.lang.reflect.Method.invoke(Ljava/lang/Object;[Ljava/lang/Object;)Ljava/lang/Object;+102 java.base@21.0.7
j  org.testng.internal.invokers.MethodInvocationHelper.invokeMethod(Ljava/lang/reflect/Method;Ljava/lang/Object;[Ljava/lang/Object;)Ljava/lang/Object;+207
j  org.testng.internal.invokers.TestInvoker.invokeMethod(Lorg/testng/internal/invokers/TestMethodArguments;Lorg/testng/xml/XmlSuite;Lorg/testng/internal/invokers/ITestInvoker$FailureContext;)Lorg/testng/ITestResult;+1028
j  org.testng.internal.invokers.TestInvoker.invokeTestMethod(Lorg/testng/internal/invokers/TestMethodArguments;Lorg/testng/xml/XmlSuite;Lorg/testng/internal/invokers/ITestInvoker$FailureContext;)Lorg/testng/ITestResult;+16
j  org.testng.internal.invokers.MethodRunner.runInSequence(Lorg/testng/internal/invokers/TestMethodArguments;Lorg/testng/internal/invokers/ITestInvoker;Lorg/testng/ITestContext;Ljava/util/concurrent/atomic/AtomicInteger;Lorg/testng/internal/invokers/ITestInvoker$FailureContext;Ljava/util/Iterator;Z)Ljava/util/List;+127
j  org.testng.internal.invokers.TestInvoker$MethodInvocationAgent.invoke(I)I+384
j  org.testng.internal.invokers.TestInvoker.invokeTestMethods(Lorg/testng/ITestNGMethod;Lorg/testng/internal/ConfigurationGroupMethods;Ljava/lang/Object;Lorg/testng/ITestContext;)Ljava/util/List;+574
j  org.testng.internal.invokers.TestMethodWorker.invokeTestMethods(Lorg/testng/ITestNGMethod;Ljava/lang/Object;)V+14
j  org.testng.internal.invokers.TestMethodWorker.run()V+162
j  org.testng.TestRunner$$Lambda+0x000001708110f370.accept(Ljava/lang/Object;)V+7
j  java.util.ArrayList.forEach(Ljava/util/function/Consumer;)V+46 java.base@21.0.7
j  org.testng.TestRunner.privateRun(Lorg/testng/xml/XmlTest;)V+371
j  org.testng.TestRunner.run()V+11
j  org.testng.SuiteRunner.runTest(Lorg/testng/TestRunner;)V+21
j  org.testng.SuiteRunner.runSequentially()V+31
j  org.testng.SuiteRunner.privateRun()V+341
j  org.testng.SuiteRunner.run()V+6
j  org.testng.SuiteRunnerWorker.runSuite(Lorg/testng/internal/invokers/SuiteRunnerMap;Lorg/testng/xml/XmlSuite;)V+56
j  org.testng.SuiteRunnerWorker.run()V+12
j  org.testng.TestNG.runSuitesSequentially(Lorg/testng/xml/XmlSuite;Lorg/testng/internal/invokers/SuiteRunnerMap;ILjava/lang/String;)V+66
j  org.testng.TestNG.runSuitesLocally()Ljava/util/List;+190
j  org.testng.TestNG.runSuites()Ljava/util/List;+1
j  org.testng.TestNG.run()V+25
j  com.intellij.rt.testng.IDEARemoteTestNG.run()V+270
j  com.intellij.rt.testng.RemoteTestNGStarter.main([Ljava/lang/String;)V+548
v  ~StubRoutines::call_stub 0x00000170ea4d100d

Compiled method (n/a)   19314  766     n 0       java.lang.ClassLoader::defineClass1 (native)
 total in heap  [0x00000170eab1d690,0x00000170eab1dcf0] = 1632
 relocation     [0x00000170eab1d7f0,0x00000170eab1d828] = 56
 main code      [0x00000170eab1d840,0x00000170eab1dcef] = 1199
 stub code      [0x00000170eab1dcef,0x00000170eab1dcf0] = 1

[Constant Pool (empty)]

[MachCode]
[Entry Point]
  # {method} {0x0000017080439d68} 'defineClass1' '(Ljava/lang/ClassLoader;Ljava/lang/String;[BIILjava/security/ProtectionDomain;Ljava/lang/String;)Ljava/lang/Class;' in 'java/lang/ClassLoader'
  # parm0:    rdx:rdx   = 'java/lang/ClassLoader'
  # parm1:    r8:r8     = 'java/lang/String'
  # parm2:    r9:r9     = '[B'
  # parm3:    rdi       = int
  # parm4:    rsi       = int
  # parm5:    rcx:rcx   = 'java/security/ProtectionDomain'
  # parm6:    [sp+0xa0]   = 'java/lang/String'  (sp of caller)
  0x00000170eab1d840: 448b 5208 | 49bb 0000 | 0080 7001 | 0000 4d03 | d349 3bc2 | 0f84 0600 

  0x00000170eab1d858: ;   {runtime_call ic_miss_stub}
  0x00000170eab1d858: 0000 e921 | 0fa0 ff90 
[Verified Entry Point]
  0x00000170eab1d860: 8984 2400 | 80ff ff55 | 488b ec48 | 81ec 9000 | 0000 6690 | 4181 7f20 | 0300 0000 

  0x00000170eab1d87c: ;   {runtime_call StubRoutines (final stubs)}
  0x00000170eab1d87c: 7405 e85d | 659e ff48 | 837d 1000 | 488d 4510 | 480f 4445 | 1048 8944 | 2440 4889 | 4c24 7048 
  0x00000170eab1d89c: 83f9 0048 | 8d44 2470 | 480f 4444 | 2470 4889 | 4424 3848 | 8974 2430 | 4889 7c24 | 284c 894c 
  0x00000170eab1d8bc: 2458 4983 | f900 488d | 4424 5848 | 0f44 4424 | 5848 8944 | 2420 4c89 | 4424 5049 | 83f8 004c 
  0x00000170eab1d8dc: 8d4c 2450 | 4c0f 444c | 2450 4889 | 5424 4848 | 83fa 004c | 8d44 2448 | 4c0f 4444 

  0x00000170eab1d8f8: ;   {oop(a 'java/lang/Class'{0x00000007026eb260} = 'java/lang/ClassLoader')}
  0x00000170eab1d8f8: 2448 49be | 60b2 6e02 | 0700 0000 | 4c89 7424 | 784c 8d74 | 2478 498b | d6c5 f877 

  0x00000170eab1d914: ;   {internal_word}
  0x00000170eab1d914: 49ba 11d9 | b1ea 7001 | 0000 4d89 | 97a0 0300 | 0049 89a7 | 9803 0000 

  0x00000170eab1d92c: ;   {external_word}
  0x00000170eab1d92c: 49ba 60f8 | 54de fc7f | 0000 4180 | 3a00 0f84 | 4e00 0000 | 5241 5041 

  0x00000170eab1d944: ;   {metadata({method} {0x0000017080439d68} 'defineClass1' '(Ljava/lang/ClassLoader;Ljava/lang/String;[BIILjava/security/ProtectionDomain;Ljava/lang/String;)Ljava/lang/Class;' in 'java/lang/ClassLoader')}
  0x00000170eab1d944: 5148 ba60 | 9d43 8070 | 0100 0049 | 8bcf 4883 | ec20 40f6 | c40f 0f84 | 1900 0000 | 4883 ec08 
  0x00000170eab1d964: ;   {runtime_call}
  0x00000170eab1d964: 48b8 a0a6 | 05de fc7f | 0000 ffd0 | 4883 c408 | e90c 0000 

  0x00000170eab1d978: ;   {runtime_call}
  0x00000170eab1d978: 0048 b8a0 | a605 defc | 7f00 00ff | d048 83c4 | 2041 5941 | 585a 498d | 8fb8 0300 | 0041 c787 
  0x00000170eab1d998: 4404 0000 | 0400 0000 

  0x00000170eab1d9a0: ;   {runtime_call}
  0x00000170eab1d9a0: 48b8 ac16 | bd38 fd7f | 0000 ffd0 | c5f8 7741 | c787 4404 | 0000 0500 | 0000 f083 | 4424 c000 
  0x00000170eab1d9c0: 493b af48 | 0400 000f | 870e 0000 | 0041 83bf | 4004 0000 | 000f 842b | 0000 00c5 | f877 4889 
  0x00000170eab1d9e0: 45f8 498b | cf4c 8be4 | 4883 ec20 | 4883 e4f0 

  0x00000170eab1d9f0: ;   {runtime_call}
  0x00000170eab1d9f0: 48b8 20bc | d0dd fc7f | 0000 ffd0 | 498b e44d | 33e4 488b | 45f8 41c7 | 8744 0400 | 0008 0000 
  0x00000170eab1da10: 0041 83bf | c004 0000 | 020f 84a3 

  0x00000170eab1da1c: ;   {external_word}
  0x00000170eab1da1c: 0200 0049 | ba60 f854 | defc 7f00 | 0041 803a | 000f 844c | 0000 0048 

  0x00000170eab1da34: ;   {metadata({method} {0x0000017080439d68} 'defineClass1' '(Ljava/lang/ClassLoader;Ljava/lang/String;[BIILjava/security/ProtectionDomain;Ljava/lang/String;)Ljava/lang/Class;' in 'java/lang/ClassLoader')}
  0x00000170eab1da34: 8945 f848 | ba60 9d43 | 8070 0100 | 0049 8bcf | 4883 ec20 | 40f6 c40f | 0f84 1900 | 0000 4883 
  0x00000170eab1da54: ;   {runtime_call}
  0x00000170eab1da54: ec08 48b8 | a0a6 05de | fc7f 0000 | ffd0 4883 | c408 e90c 

  0x00000170eab1da68: ;   {runtime_call}
  0x00000170eab1da68: 0000 0048 | b8a0 a605 | defc 7f00 | 00ff d048 | 83c4 2048 | 8b45 f849 | c787 9803 | 0000 0000 
  0x00000170eab1da88: 0000 49c7 | 87a0 0300 | 0000 0000 | 00c5 f877 | 4885 c00f | 84fe 0100 | 00a8 030f | 8508 0000 
  0x00000170eab1daa8: 0048 8b00 | e9ee 0100 | 00a8 010f | 8509 0000 | 0048 8b40 | fee9 dd01 | 0000 488b | 40ff 4180 
  0x00000170eab1dac8: 7f40 000f | 84ce 0100 | 0048 83f8 | 000f 84c4 | 0100 0049 | 8b4f 2848 | 83f9 000f | 8414 0000 
  0x00000170eab1dae8: 0048 83e9 | 0849 894f | 2849 034f | 3848 8901 | e9a2 0100 | 0048 81ec | d000 0000 | 4889 0424 
  0x00000170eab1db08: 4889 4c24 | 0848 8954 | 2410 4889 | 7424 1848 | 897c 2420 | 4c89 4424 | 284c 894c | 2430 4c89 
  0x00000170eab1db28: 5424 384c | 895c 2440 | c5fb 1144 | 2450 c5fb | 114c 2458 | c5fb 1154 | 2460 c5fb | 115c 2468 
  0x00000170eab1db48: c5fb 1164 | 2470 c5fb | 116c 2478 | c5fb 11b4 | 2480 0000 | 00c5 fb11 | bc24 8800 | 0000 c57b 
  0x00000170eab1db68: ;   {no_reloc}
  0x00000170eab1db68: 1184 2490 | 0000 00c5 | 7b11 8c24 | 9800 0000 | c57b 1194 | 24a0 0000 | 00c5 7b11 | 9c24 a800 
  0x00000170eab1db88: 0000 c57b | 11a4 24b0 | 0000 00c5 | 7b11 ac24 | b800 0000 | c57b 11b4 | 24c0 0000 | 00c5 7b11 
  0x00000170eab1dba8: bc24 c800 | 0000 498b | d748 8bc8 | 4883 ec20 | 40f6 c40f | 0f84 1900 | 0000 4883 

  0x00000170eab1dbc4: ;   {runtime_call}
  0x00000170eab1dbc4: ec08 48b8 | 80f9 c3dd | fc7f 0000 | ffd0 4883 | c408 e90c 

  0x00000170eab1dbd8: ;   {runtime_call}
  0x00000170eab1dbd8: 0000 0048 | b880 f9c3 | ddfc 7f00 | 00ff d048 | 83c4 20c5 | 7b10 bc24 | c800 0000 | c57b 10b4 
  0x00000170eab1dbf8: 24c0 0000 | 00c5 7b10 | ac24 b800 | 0000 c57b | 10a4 24b0 | 0000 00c5 | 7b10 9c24 | a800 0000 
  0x00000170eab1dc18: c57b 1094 | 24a0 0000 | 00c5 7b10 | 8c24 9800 | 0000 c57b | 1084 2490 | 0000 00c5 | fb10 bc24 
  0x00000170eab1dc38: 8800 0000 | c5fb 10b4 | 2480 0000 | 00c5 fb10 | 6c24 78c5 | fb10 6424 | 70c5 fb10 | 5c24 68c5 
  0x00000170eab1dc58: fb10 5424 | 60c5 fb10 | 4c24 58c5 | fb10 4424 | 504c 8b5c | 2440 4c8b | 5424 384c | 8b4c 2430 
  0x00000170eab1dc78: 4c8b 4424 | 2848 8b7c | 2420 488b | 7424 1848 | 8b54 2410 | 488b 4c24 | 0848 8b04 | 2448 81c4 
  0x00000170eab1dc98: d000 0000 | c5f8 7749 | 8b8f 2804 | 0000 c781 | 0001 0000 | 0000 0000 | c949 837f | 0800 0f85 
  0x00000170eab1dcb8: 0100 0000 

  0x00000170eab1dcbc: ;   {runtime_call StubRoutines (initial stubs)}
  0x00000170eab1dcbc: c3e9 3e32 | 9bff c5f8 | 7748 8945 | f84c 8be4 | 4883 ec20 | 4883 e4f0 

  0x00000170eab1dcd4: ;   {runtime_call}
  0x00000170eab1dcd4: 48b8 90de | 05de fc7f | 0000 ffd0 | 498b e44d | 33e4 488b | 45f8 e930 | fdff fff4 
[/MachCode]


Compiled method (c1)   19327 1785       3       java.lang.ClassLoader::defineClass (43 bytes)
 total in heap  [0x00000170e335ba10,0x00000170e335c4e0] = 2768
 relocation     [0x00000170e335bb70,0x00000170e335bc10] = 160
 main code      [0x00000170e335bc20,0x00000170e335c218] = 1528
 stub code      [0x00000170e335c218,0x00000170e335c290] = 120
 metadata       [0x00000170e335c290,0x00000170e335c2d0] = 64
 scopes data    [0x00000170e335c2d0,0x00000170e335c3c0] = 240
 scopes pcs     [0x00000170e335c3c0,0x00000170e335c4a0] = 224
 dependencies   [0x00000170e335c4a0,0x00000170e335c4b8] = 24
 nul chk table  [0x00000170e335c4b8,0x00000170e335c4e0] = 40

[Constant Pool (empty)]

[MachCode]
[Entry Point]
  # {method} {0x000001708043a0e8} 'defineClass' '(Ljava/lang/String;[BIILjava/security/ProtectionDomain;)Ljava/lang/Class;' in 'java/lang/ClassLoader'
  # this:     rdx:rdx   = 'java/lang/ClassLoader'
  # parm0:    r8:r8     = 'java/lang/String'
  # parm1:    r9:r9     = '[B'
  # parm2:    rdi       = int
  # parm3:    rsi       = int
  # parm4:    rcx:rcx   = 'java/security/ProtectionDomain'
  #           [sp+0xc0]  (sp of caller)
  0x00000170e335bc20: 448b 5208 | 49bb 0000 | 0080 7001 | 0000 4d03 | d34c 3bd0 

  0x00000170e335bc34: ;   {runtime_call ic_miss_stub}
  0x00000170e335bc34: 0f85 462b | 1c07 660f | 1f44 0000 
[Verified Entry Point]
  0x00000170e335bc40: 8984 2400 | 80ff ff55 | 4881 ecb0 | 0000 0090 | 4181 7f20 | 0300 0000 

  0x00000170e335bc58: ;   {runtime_call StubRoutines (final stubs)}
  0x00000170e335bc58: 7405 e881 | 811a 0748 | 8954 2478 

  0x00000170e335bc64: ;   {metadata(method data for {method} {0x000001708043a0e8} 'defineClass' '(Ljava/lang/String;[BIILjava/security/ProtectionDomain;)Ljava/lang/Class;' in 'java/lang/ClassLoader')}
  0x00000170e335bc64: 48bb 60a6 | 7bfa 7001 | 0000 8b83 | cc00 0000 | 83c0 0289 | 83cc 0000 | 0025 fe07 | 0000 85c0 
  0x00000170e335bc84: 0f84 b004 | 0000 89b4 | 2494 0000 | 0089 bc24 | 9000 0000 | 4c89 8c24 | 8800 0000 

  0x00000170e335bca0: ;   {metadata(method data for {method} {0x000001708043a0e8} 'defineClass' '(Ljava/lang/String;[BIILjava/security/ProtectionDomain;)Ljava/lang/Class;' in 'java/lang/ClassLoader')}
  0x00000170e335bca0: 488b da48 | b860 a67b | fa70 0100 | 0048 8380 | 1001 0000 | 0149 8bd8 | 4c8b c34c | 8bc9 488b 
  0x00000170e335bcc0: ca48 8bd1 | 4889 9c24 | 8000 0000 

  0x00000170e335bccc: ;   {optimized virtual_call}
  0x00000170e335bccc: 6666 90e8 

  0x00000170e335bcd0: ; ImmutableOopMap {[120]=Oop [128]=Oop [136]=Oop }
                      ;*invokevirtual preDefineClass {reexecute=0 rethrow=0 return_oop=0}
                      ; - java.lang.ClassLoader::defineClass@4 (line 1025)
  0x00000170e335bcd0: cc60 feff 

  0x00000170e335bcd4: ;   {other}
  0x00000170e335bcd4: 0f1f 8400 | c402 0000 | 4889 8424 | 9800 0000 | 488b 5424 

  0x00000170e335bce8: ;   {metadata(method data for {method} {0x000001708043a0e8} 'defineClass' '(Ljava/lang/String;[BIILjava/security/ProtectionDomain;)Ljava/lang/Class;' in 'java/lang/ClassLoader')}
  0x00000170e335bce8: 7849 b860 | a67b fa70 | 0100 0049 | 8380 a801 

  0x00000170e335bcf8: ;   {metadata(method data for {method} {0x0000017080439dd0} 'defineClassSourceLocation' '(Ljava/security/ProtectionDomain;)Ljava/lang/String;' in 'java/lang/ClassLoader')}
  0x00000170e335bcf8: 0000 0149 | b8f0 e89c | fa70 0100 | 0041 8b90 | cc00 0000 | 83c2 0241 | 8990 cc00 | 0000 81e2 
  0x00000170e335bd18: feff 1f00 | 85d2 0f84 | 3704 0000 

  0x00000170e335bd24: ; implicit exception: dispatches to 0x00000170e335c17c
  0x00000170e335bd24: 483b 004c 

  0x00000170e335bd28: ;   {metadata(method data for {method} {0x0000017080439dd0} 'defineClassSourceLocation' '(Ljava/security/ProtectionDomain;)Ljava/lang/String;' in 'java/lang/ClassLoader')}
  0x00000170e335bd28: 8bc0 48ba | f0e8 9cfa | 7001 0000 | 4883 8210 | 0100 0001 | 448b 4010 | 49c1 e003 

  0x00000170e335bd44: ;   {metadata(method data for {method} {0x0000017080439dd0} 'defineClassSourceLocation' '(Ljava/security/ProtectionDomain;)Ljava/lang/String;' in 'java/lang/ClassLoader')}
  0x00000170e335bd44: 4d85 c048 | baf0 e89c | fa70 0100 | 0048 beb8 | 0100 0000 | 0000 0075 | 0a48 bea8 | 0100 0000 
  0x00000170e335bd64: 0000 0048 | 8b3c 3248 | 8d7f 0148 | 893c 320f | 850f 0000 

  0x00000170e335bd78: ;   {oop(nullptr)}
  0x00000170e335bd78: 0048 bb00 | 0000 0000 | 0000 00e9 | f702 0000 

  0x00000170e335bd88: ; implicit exception: dispatches to 0x00000170e335c181
  0x00000170e335bd88: 493b 0049 

  0x00000170e335bd8c: ;   {metadata(method data for {method} {0x0000017080439dd0} 'defineClassSourceLocation' '(Ljava/security/ProtectionDomain;)Ljava/lang/String;' in 'java/lang/ClassLoader')}
  0x00000170e335bd8c: 8bd0 48be | f0e8 9cfa | 7001 0000 | 4883 86c8 | 0100 0001 | 418b 500c | 48c1 e203 

  0x00000170e335bda8: ;   {metadata(method data for {method} {0x0000017080439dd0} 'defineClassSourceLocation' '(Ljava/security/ProtectionDomain;)Ljava/lang/String;' in 'java/lang/ClassLoader')}
  0x00000170e335bda8: 4885 d248 | bef0 e89c | fa70 0100 | 0048 bf70 | 0200 0000 | 0000 0075 | 0a48 bf60 | 0200 0000 
  0x00000170e335bdc8: 0000 0048 | 8b1c 3e48 | 8d5b 0148 | 891c 3e0f | 850f 0000 

  0x00000170e335bddc: ;   {oop(nullptr)}
  0x00000170e335bddc: 0048 bb00 | 0000 0000 | 0000 00e9 | 9302 0000 

  0x00000170e335bdec: ;   {metadata(method data for {method} {0x0000017080439dd0} 'defineClassSourceLocation' '(Ljava/security/ProtectionDomain;)Ljava/lang/String;' in 'java/lang/ClassLoader')}
  0x00000170e335bdec: 48be f0e8 | 9cfa 7001 | 0000 4883 | 8680 0200 | 0001 483b | 024c 8bc2 

  0x00000170e335be04: ;   {metadata(method data for {method} {0x0000017080439dd0} 'defineClassSourceLocation' '(Ljava/security/ProtectionDomain;)Ljava/lang/String;' in 'java/lang/ClassLoader')}
  0x00000170e335be04: 48be f0e8 | 9cfa 7001 | 0000 4883 | 8618 0300 

  0x00000170e335be14: ;   {metadata(method data for {method} {0x000001708001a7c0} 'toString' '()Ljava/lang/String;' in 'java/net/URL')}
  0x00000170e335be14: 0001 49b8 | 384d 78fa | 7001 0000 | 418b b0cc | 0000 0083 | c602 4189 | b0cc 0000 | 0081 e6fe 
  0x00000170e335be34: ff1f 0085 | f60f 844c | 0300 004c 

  0x00000170e335be40: ;   {metadata(method data for {method} {0x000001708001a7c0} 'toString' '()Ljava/lang/String;' in 'java/net/URL')}
  0x00000170e335be40: 8bc2 48be | 384d 78fa | 7001 0000 | 4883 8610 | 0100 0001 

  0x00000170e335be54: ;   {metadata(method data for {method} {0x000001708042d9e8} 'toExternalForm' '()Ljava/lang/String;' in 'java/net/URL')}
  0x00000170e335be54: 49b8 004f | 78fa 7001 | 0000 418b | b0cc 0000 | 0083 c602 | 4189 b0cc | 0000 0081 | e6fe ff1f 
  0x00000170e335be74: 0085 f60f | 842f 0300 | 008b 7238 | 48c1 e603 

  0x00000170e335be84: ; implicit exception: dispatches to 0x00000170e335c1cd
  0x00000170e335be84: 483b 064c 

  0x00000170e335be88: ;   {metadata(method data for {method} {0x000001708042d9e8} 'toExternalForm' '()Ljava/lang/String;' in 'java/net/URL')}
  0x00000170e335be88: 8bc6 48bf | 004f 78fa | 7001 0000 | 458b 4008 | 49ba 0000 | 0080 7001 | 0000 4d03 | c24c 3b87 
  0x00000170e335bea8: 2001 0000 | 750d 4883 | 8728 0100 | 0001 e9aa | 0100 004c | 3b87 3001 | 0000 750d | 4883 8738 
  0x00000170e335bec8: 0100 0001 | e994 0100 | 004c 3b87 | 4001 0000 | 750d 4883 | 8748 0100 | 0001 e97e | 0100 004c 
  0x00000170e335bee8: 3b87 5001 | 0000 750d | 4883 8758 | 0100 0001 | e968 0100 | 004c 3b87 | 6001 0000 | 750d 4883 
  0x00000170e335bf08: 8768 0100 | 0001 e952 | 0100 004c | 3b87 7001 | 0000 750d | 4883 8778 | 0100 0001 | e93c 0100 
  0x00000170e335bf28: 004c 3b87 | 8001 0000 | 750d 4883 | 8788 0100 | 0001 e926 | 0100 004c | 3b87 9001 | 0000 750d 
  0x00000170e335bf48: 4883 8798 | 0100 0001 | e910 0100 | 0048 83bf | 2001 0000 | 0075 174c | 8987 2001 | 0000 48c7 
  0x00000170e335bf68: 8728 0100 | 0001 0000 | 00e9 ef00 | 0000 4883 | bf30 0100 | 0000 7517 | 4c89 8730 | 0100 0048 
  0x00000170e335bf88: ;   {no_reloc}
  0x00000170e335bf88: c787 3801 | 0000 0100 | 0000 e9ce | 0000 0048 | 83bf 4001 | 0000 0075 | 174c 8987 | 4001 0000 
  0x00000170e335bfa8: 48c7 8748 | 0100 0001 | 0000 00e9 | ad00 0000 | 4883 bf50 | 0100 0000 | 7517 4c89 | 8750 0100 
  0x00000170e335bfc8: 0048 c787 | 5801 0000 | 0100 0000 | e98c 0000 | 0048 83bf | 6001 0000 | 0075 174c | 8987 6001 
  0x00000170e335bfe8: 0000 48c7 | 8768 0100 | 0001 0000 | 00e9 6b00 | 0000 4883 | bf70 0100 | 0000 7517 | 4c89 8770 
  0x00000170e335c008: 0100 0048 | c787 7801 | 0000 0100 | 0000 e94a | 0000 0048 | 83bf 8001 | 0000 0075 | 174c 8987 
  0x00000170e335c028: 8001 0000 | 48c7 8788 | 0100 0001 | 0000 00e9 | 2900 0000 | 4883 bf90 | 0100 0000 | 7517 4c89 
  0x00000170e335c048: 8790 0100 | 0048 c787 | 9801 0000 | 0100 0000 | e908 0000 | 0048 8387 | 1001 0000 | 014c 8bc2 
  0x00000170e335c068: 488b d60f 

  0x00000170e335c06c: ;   {optimized virtual_call}
  0x00000170e335c06c: 1f40 00e8 

  0x00000170e335c070: ; ImmutableOopMap {[120]=Oop [128]=Oop [136]=Oop [152]=Oop }
                      ;*invokevirtual toExternalForm {reexecute=0 rethrow=0 return_oop=0}
                      ; - java.net.URL::toExternalForm@5 (line 1203)
                      ; - java.net.URL::toString@1 (line 1189)
                      ; - java.lang.ClassLoader::defineClassSourceLocation@22 (line 927)
                      ; - java.lang.ClassLoader::defineClass@12 (line 1026)
  0x00000170e335c070: ac8f e7ff 

  0x00000170e335c074: ;   {other}
  0x00000170e335c074: 0f1f 8400 | 6406 0001 | 488b d848 | 8b84 2498 | 0000 008b | b424 9400 | 0000 8bbc | 2490 0000 
  0x00000170e335c094: 004c 8b8c | 2488 0000 | 004c 8b84 | 2480 0000 | 0048 8b54 

  0x00000170e335c0a8: ;   {metadata(method data for {method} {0x000001708043a0e8} 'defineClass' '(Ljava/lang/String;[BIILjava/security/ProtectionDomain;)Ljava/lang/Class;' in 'java/lang/ClassLoader')}
  0x00000170e335c0a8: 2478 48b9 | 60a6 7bfa | 7001 0000 | 4883 8140 | 0200 0001 | 4c8b da49 | 8bd3 488b | c848 891c 
  0x00000170e335c0c8: 2466 0f1f 

  0x00000170e335c0cc: ;   {static_call}
  0x00000170e335c0cc: 4400 00e8 

  0x00000170e335c0d0: ; ImmutableOopMap {[120]=Oop [152]=Oop }
                      ;*invokestatic defineClass1 {reexecute=0 rethrow=0 return_oop=0}
                      ; - java.lang.ClassLoader::defineClass@27 (line 1027)
  0x00000170e335c0d0: 8c17 7c07 

  0x00000170e335c0d4: ;   {other}
  0x00000170e335c0d4: 0f1f 8400 | c406 0002 | 488b 5424 

  0x00000170e335c0e0: ;   {metadata(method data for {method} {0x000001708043a0e8} 'defineClass' '(Ljava/lang/String;[BIILjava/security/ProtectionDomain;)Ljava/lang/Class;' in 'java/lang/ClassLoader')}
  0x00000170e335c0e0: 7849 b860 | a67b fa70 | 0100 0049 | 8380 5002 | 0000 014c | 8bc0 4c8b | 8c24 9800 | 0000 488b 
  0x00000170e335c100: 5424 7848 | 8984 24a0 | 0000 000f 

  0x00000170e335c10c: ;   {optimized virtual_call}
  0x00000170e335c10c: 1f40 00e8 

  0x00000170e335c110: ; ImmutableOopMap {[160]=Oop }
                      ;*invokevirtual postDefineClass {reexecute=0 rethrow=0 return_oop=0}
                      ; - java.lang.ClassLoader::defineClass@37 (line 1028)
  0x00000170e335c110: 0c98 feff 

  0x00000170e335c114: ;   {other}
  0x00000170e335c114: 0f1f 8400 | 0407 0003 | 488b 8424 | a000 0000 | 4881 c4b0 | 0000 005d 

  0x00000170e335c12c: ;   {poll_return}
  0x00000170e335c12c: 493b a748 | 0400 000f | 8799 0000 

  0x00000170e335c138: ;   {metadata({method} {0x000001708043a0e8} 'defineClass' '(Ljava/lang/String;[BIILjava/security/ProtectionDomain;)Ljava/lang/Class;' in 'java/lang/ClassLoader')}
  0x00000170e335c138: 00c3 49ba | e0a0 4380 | 7001 0000 | 4c89 5424 | 0848 c704 | 24ff ffff 

  0x00000170e335c150: ;   {runtime_call counter_overflow Runtime1 stub}
  0x00000170e335c150: ffe8 aa02 

  0x00000170e335c154: ; ImmutableOopMap {rdx=Oop r8=Oop r9=Oop rcx=Oop [120]=Oop }
                      ;*synchronization entry
                      ; - java.lang.ClassLoader::defineClass@-1 (line 1025)
  0x00000170e335c154: 2907 e92f 

  0x00000170e335c158: ;   {metadata({method} {0x0000017080439dd0} 'defineClassSourceLocation' '(Ljava/security/ProtectionDomain;)Ljava/lang/String;' in 'java/lang/ClassLoader')}
  0x00000170e335c158: fbff ff49 | bac8 9d43 | 8070 0100 | 004c 8954 | 2408 48c7 | 0424 ffff 

  0x00000170e335c170: ;   {runtime_call counter_overflow Runtime1 stub}
  0x00000170e335c170: ffff e889 

  0x00000170e335c174: ; ImmutableOopMap {rax=Oop [120]=Oop [128]=Oop [136]=Oop [152]=Oop }
                      ;*synchronization entry
                      ; - java.lang.ClassLoader::defineClassSourceLocation@-1 (line 924)
                      ; - java.lang.ClassLoader::defineClass@12 (line 1026)
  0x00000170e335c174: 0229 07e9 | a8fb ffff 

  0x00000170e335c17c: ;   {runtime_call throw_null_pointer_exception Runtime1 stub}
  0x00000170e335c17c: e8ff 8428 

  0x00000170e335c180: ; ImmutableOopMap {rax=Oop [120]=Oop [128]=Oop [136]=Oop [152]=Oop }
                      ;*invokevirtual getCodeSource {reexecute=0 rethrow=0 return_oop=0}
                      ; - java.lang.ClassLoader::defineClassSourceLocation@1 (line 924)
                      ; - java.lang.ClassLoader::defineClass@12 (line 1026)
                      ;   {runtime_call throw_null_pointer_exception Runtime1 stub}
  0x00000170e335c180: 07e8 fa84 

  0x00000170e335c184: ; ImmutableOopMap {rax=Oop r8=Oop [120]=Oop [128]=Oop [136]=Oop [152]=Oop }
                      ;*invokevirtual getLocation {reexecute=0 rethrow=0 return_oop=0}
                      ; - java.lang.ClassLoader::defineClassSourceLocation@12 (line 926)
                      ; - java.lang.ClassLoader::defineClass@12 (line 1026)
                      ;   {runtime_call throw_null_pointer_exception Runtime1 stub}
  0x00000170e335c184: 2807 e8f5 

  0x00000170e335c188: ; ImmutableOopMap {rdx=Oop [120]=Oop [128]=Oop [136]=Oop [152]=Oop }
                      ;*invokevirtual toString {reexecute=0 rethrow=0 return_oop=0}
                      ; - java.lang.ClassLoader::defineClassSourceLocation@22 (line 927)
                      ; - java.lang.ClassLoader::defineClass@12 (line 1026)
                      ;   {metadata({method} {0x000001708001a7c0} 'toString' '()Ljava/lang/String;' in 'java/net/URL')}
  0x00000170e335c188: 8428 0749 | bab8 a701 | 8070 0100 | 004c 8954 | 2408 48c7 | 0424 ffff 

  0x00000170e335c1a0: ;   {runtime_call counter_overflow Runtime1 stub}
  0x00000170e335c1a0: ffff e859 

  0x00000170e335c1a4: ; ImmutableOopMap {rdx=Oop [120]=Oop [128]=Oop [136]=Oop [152]=Oop }
                      ;*synchronization entry
                      ; - java.net.URL::toString@-1 (line 1189)
                      ; - java.lang.ClassLoader::defineClassSourceLocation@22 (line 927)
                      ; - java.lang.ClassLoader::defineClass@12 (line 1026)
  0x00000170e335c1a4: 0229 07e9 | 93fc ffff 

  0x00000170e335c1ac: ;   {metadata({method} {0x000001708042d9e8} 'toExternalForm' '()Ljava/lang/String;' in 'java/net/URL')}
  0x00000170e335c1ac: 49ba e0d9 | 4280 7001 | 0000 4c89 | 5424 0848 | c704 24ff 

  0x00000170e335c1c0: ;   {runtime_call counter_overflow Runtime1 stub}
  0x00000170e335c1c0: ffff ffe8 

  0x00000170e335c1c4: ; ImmutableOopMap {rdx=Oop [120]=Oop [128]=Oop [136]=Oop [152]=Oop }
                      ;*synchronization entry
                      ; - java.net.URL::toExternalForm@-1 (line 1203)
                      ; - java.net.URL::toString@1 (line 1189)
                      ; - java.lang.ClassLoader::defineClassSourceLocation@22 (line 927)
                      ; - java.lang.ClassLoader::defineClass@12 (line 1026)
  0x00000170e335c1c4: 3802 2907 | e9b0 fcff 

  0x00000170e335c1cc: ;   {runtime_call throw_null_pointer_exception Runtime1 stub}
  0x00000170e335c1cc: ffe8 ae84 

  0x00000170e335c1d0: ; ImmutableOopMap {rdx=Oop rsi=Oop [120]=Oop [128]=Oop [136]=Oop [152]=Oop }
                      ;*invokevirtual toExternalForm {reexecute=0 rethrow=0 return_oop=0}
                      ; - java.net.URL::toExternalForm@5 (line 1203)
                      ; - java.net.URL::toString@1 (line 1189)
                      ; - java.lang.ClassLoader::defineClassSourceLocation@22 (line 927)
                      ; - java.lang.ClassLoader::defineClass@12 (line 1026)
                      ;   {internal_word}
  0x00000170e335c1d0: 2807 49ba | 2cc1 35e3 | 7001 0000 | 4d89 9760 

  0x00000170e335c1e0: ;   {runtime_call SafepointBlob}
  0x00000170e335c1e0: 0400 00e9 | 1895 1c07 | 498b 87f8 | 0400 0049 | c787 f804 | 0000 0000 | 0000 49c7 | 8700 0500 
  0x00000170e335c200: 0000 0000 | 0048 81c4 | b000 0000 

  0x00000170e335c20c: ;   {runtime_call unwind_exception Runtime1 stub}
  0x00000170e335c20c: 5de9 6e6b | 2807 f4f4 | f4f4 f4f4 
[Stub Code]
  0x00000170e335c218: ;   {no_reloc}
  0x00000170e335c218: 0f1f 4400 

  0x00000170e335c21c: ;   {static_stub}
  0x00000170e335c21c: 0048 bb00 | 0000 0000 

  0x00000170e335c224: ;   {runtime_call}
  0x00000170e335c224: 0000 00e9 | fbff ffff 

  0x00000170e335c22c: ;   {static_stub}
  0x00000170e335c22c: 48bb 0000 | 0000 0000 

  0x00000170e335c234: ;   {runtime_call}
  0x00000170e335c234: 0000 e9fb 

  0x00000170e335c238: ;   {static_stub}
  0x00000170e335c238: ffff ff48 | bb00 0000 | 0000 0000 

  0x00000170e335c244: ;   {runtime_call}
  0x00000170e335c244: 00e9 fbff 

  0x00000170e335c248: ;   {static_stub}
  0x00000170e335c248: ffff 48bb | 0000 0000 | 0000 0000 

  0x00000170e335c254: ;   {runtime_call}
  0x00000170e335c254: e9fb ffff 

  0x00000170e335c258: ;   {runtime_call handle_exception_from_callee Runtime1 stub}
  0x00000170e335c258: ffe8 a2b0 

  0x00000170e335c25c: ;   {external_word}
  0x00000170e335c25c: 2807 48b9 | d0e8 2cde | fc7f 0000 | 4883 e4f0 

  0x00000170e335c26c: ;   {runtime_call}
  0x00000170e335c26c: 48b8 70c8 | f4dd fc7f | 0000 ffd0 

  0x00000170e335c278: ;   {section_word}
  0x00000170e335c278: f449 ba79 | c235 e370 | 0100 0041 

  0x00000170e335c284: ;   {runtime_call DeoptimizationBlob}
  0x00000170e335c284: 52e9 9683 | 1c07 f4f4 | f4f4 f4f4 
[/MachCode]


Compiled method (c1)   19358 1268       3       java.security.SecureClassLoader::defineClass (16 bytes)
 total in heap  [0x00000170e321bd10,0x00000170e321c110] = 1024
 relocation     [0x00000170e321be70,0x00000170e321bec0] = 80
 main code      [0x00000170e321bec0,0x00000170e321c018] = 344
 stub code      [0x00000170e321c018,0x00000170e321c068] = 80
 metadata       [0x00000170e321c068,0x00000170e321c070] = 8
 scopes data    [0x00000170e321c070,0x00000170e321c0b8] = 72
 scopes pcs     [0x00000170e321c0b8,0x00000170e321c108] = 80
 dependencies   [0x00000170e321c108,0x00000170e321c110] = 8

[Constant Pool (empty)]

[MachCode]
[Entry Point]
  # {method} {0x000001708004d370} 'defineClass' '(Ljava/lang/String;[BIILjava/security/CodeSource;)Ljava/lang/Class;' in 'java/security/SecureClassLoader'
  # this:     rdx:rdx   = 'java/security/SecureClassLoader'
  # parm0:    r8:r8     = 'java/lang/String'
  # parm1:    r9:r9     = '[B'
  # parm2:    rdi       = int
  # parm3:    rsi       = int
  # parm4:    rcx:rcx   = 'java/security/CodeSource'
  #           [sp+0x80]  (sp of caller)
  0x00000170e321bec0: 448b 5208 | 49bb 0000 | 0080 7001 | 0000 4d03 | d34c 3bd0 

  0x00000170e321bed4: ;   {runtime_call ic_miss_stub}
  0x00000170e321bed4: 0f85 a628 | 3007 660f | 1f44 0000 
[Verified Entry Point]
  0x00000170e321bee0: 8984 2400 | 80ff ff55 | 4883 ec70 | 4181 7f20 | 0300 0000 

  0x00000170e321bef4: ;   {runtime_call StubRoutines (final stubs)}
  0x00000170e321bef4: 7405 e8e5 

  0x00000170e321bef8: ;   {metadata(method data for {method} {0x000001708004d370} 'defineClass' '(Ljava/lang/String;[BIILjava/security/CodeSource;)Ljava/lang/Class;' in 'java/security/SecureClassLoader')}
  0x00000170e321bef8: 7e2e 0748 | bbd0 a37b | fa70 0100 | 008b 83cc | 0000 0083 | c002 8983 | cc00 0000 | 25fe 0700 
  0x00000170e321bf18: 0085 c00f | 8496 0000 | 0089 7424 | 5c89 7c24 | 584c 894c | 2450 4c89 | 4424 4848 

  0x00000170e321bf34: ;   {metadata(method data for {method} {0x000001708004d370} 'defineClass' '(Ljava/lang/String;[BIILjava/security/CodeSource;)Ljava/lang/Class;' in 'java/security/SecureClassLoader')}
  0x00000170e321bf34: 8bda 48b8 | d0a3 7bfa | 7001 0000 | 4883 8010 | 0100 0001 | 4c8b c148 | 8bc2 488b | d048 8944 
  0x00000170e321bf54: ;   {optimized virtual_call}
  0x00000170e321bf54: 2440 90e8 

  0x00000170e321bf58: ; ImmutableOopMap {[64]=Oop [72]=Oop [80]=Oop }
                      ;*invokevirtual getProtectionDomain {reexecute=0 rethrow=0 return_oop=0}
                      ; - java.security.SecureClassLoader::defineClass@9 (line 150)
  0x00000170e321bf58: 64fc feff 

  0x00000170e321bf5c: ;   {other}
  0x00000170e321bf5c: 0f1f 8400 | 4c02 0000 | 488b 5424 

  0x00000170e321bf68: ;   {metadata(method data for {method} {0x000001708004d370} 'defineClass' '(Ljava/lang/String;[BIILjava/security/CodeSource;)Ljava/lang/Class;' in 'java/security/SecureClassLoader')}
  0x00000170e321bf68: 4049 b8d0 | a37b fa70 | 0100 0049 | 8380 a801 | 0000 014c | 8b44 2448 | 4c8b 4c24 | 508b 7c24 
  0x00000170e321bf88: 588b 7424 | 5c48 8bc8 | 488b 5424 

  0x00000170e321bf94: ;   {optimized virtual_call}
  0x00000170e321bf94: 4066 90e8 

  0x00000170e321bf98: ; ImmutableOopMap {}
                      ;*invokevirtual defineClass {reexecute=0 rethrow=0 return_oop=0}
                      ; - java.security.SecureClassLoader::defineClass@12 (line 150)
  0x00000170e321bf98: a4fc 1300 

  0x00000170e321bf9c: ;   {other}
  0x00000170e321bf9c: 0f1f 8400 | 8c02 0001 | 4883 c470 

  0x00000170e321bfa8: ;   {poll_return}
  0x00000170e321bfa8: 5d49 3ba7 | 4804 0000 | 0f87 2200 

  0x00000170e321bfb4: ;   {metadata({method} {0x000001708004d370} 'defineClass' '(Ljava/lang/String;[BIILjava/security/CodeSource;)Ljava/lang/Class;' in 'java/security/SecureClassLoader')}
  0x00000170e321bfb4: 0000 c349 | ba68 d304 | 8070 0100 | 004c 8954 | 2408 48c7 | 0424 ffff 

  0x00000170e321bfcc: ;   {runtime_call counter_overflow Runtime1 stub}
  0x00000170e321bfcc: ffff e82d 

  0x00000170e321bfd0: ; ImmutableOopMap {rdx=Oop r8=Oop r9=Oop rcx=Oop }
                      ;*synchronization entry
                      ; - java.security.SecureClassLoader::defineClass@-1 (line 150)
  0x00000170e321bfd0: 043d 07e9 | 49ff ffff 

  0x00000170e321bfd8: ;   {internal_word}
  0x00000170e321bfd8: 49ba a9bf | 21e3 7001 | 0000 4d89 | 9760 0400 

  0x00000170e321bfe8: ;   {runtime_call SafepointBlob}
  0x00000170e321bfe8: 00e9 1297 | 3007 498b | 87f8 0400 | 0049 c787 | f804 0000 | 0000 0000 | 49c7 8700 | 0500 0000 
  0x00000170e321c008: 0000 0048 | 83c4 705d 

  0x00000170e321c010: ;   {runtime_call unwind_exception Runtime1 stub}
  0x00000170e321c010: e96b 6d3c | 07f4 f4f4 
[Stub Code]
  0x00000170e321c018: ;   {no_reloc}
  0x00000170e321c018: 48bb 0000 | 0000 0000 

  0x00000170e321c020: ;   {runtime_call}
  0x00000170e321c020: 0000 e9fb 

  0x00000170e321c024: ;   {static_stub}
  0x00000170e321c024: ffff ff48 | bbe0 a043 | 8070 0100 

  0x00000170e321c030: ;   {runtime_call I2C/C2I adapters}
  0x00000170e321c030: 00e9 5f43 

  0x00000170e321c034: ;   {runtime_call handle_exception_from_callee Runtime1 stub}
  0x00000170e321c034: 2f07 e8c5 

  0x00000170e321c038: ;   {external_word}
  0x00000170e321c038: b23c 0748 | b9d0 e82c | defc 7f00 | 0048 83e4 

  0x00000170e321c048: ;   {runtime_call}
  0x00000170e321c048: f048 b870 | c8f4 ddfc | 7f00 00ff 

  0x00000170e321c054: ;   {section_word}
  0x00000170e321c054: d0f4 49ba | 56c0 21e3 | 7001 0000 

  0x00000170e321c060: ;   {runtime_call DeoptimizationBlob}
  0x00000170e321c060: 4152 e9b9 | 8530 07f4 
[/MachCode]


---------------  P R O C E S S  ---------------

Threads class SMR info:
_java_thread_list=0x00000170c318bba0, length=31, elements={
0x00000170d792f830, 0x00000170f9bad9a0, 0x00000170f9bae6b0, 0x00000170f9bb0300,
0x00000170f9bb1fe0, 0x00000170f9bb51e0, 0x00000170f9bb63d0, 0x00000170f9bbde10,
0x00000170f9bbf040, 0x00000170fe072fb0, 0x00000170fe2c7460, 0x00000170fe23cf70,
0x00000170fe351870, 0x00000170fe351ed0, 0x00000170c20547c0, 0x00000170c20554e0,
0x00000170c2cf8230, 0x00000170c2cfc3d0, 0x00000170c2cfbd40, 0x00000170c2cfa990,
0x00000170c2cfb6b0, 0x00000170c2cfca60, 0x00000170c2cf88c0, 0x00000170c2cf8f50,
0x00000170c2cf7ba0, 0x00000170c2cfa300, 0x00000170c2cf95e0, 0x00000170c2cfd0f0,
0x00000170c2cfb020, 0x00000170c2cfd780, 0x00000170c31dce40
}

Java Threads: ( => current thread )
=>0x00000170d792f830 JavaThread "main"                              [_thread_in_vm, id=7324, stack(0x0000006027e00000,0x0000006027f00000) (1024K)]
  0x00000170f9bad9a0 JavaThread "Reference Handler"          daemon [_thread_blocked, id=42628, stack(0x0000006028600000,0x0000006028700000) (1024K)]
  0x00000170f9bae6b0 JavaThread "Finalizer"                  daemon [_thread_blocked, id=11968, stack(0x0000006028700000,0x0000006028800000) (1024K)]
  0x00000170f9bb0300 JavaThread "Signal Dispatcher"          daemon [_thread_blocked, id=23464, stack(0x0000006028800000,0x0000006028900000) (1024K)]
  0x00000170f9bb1fe0 JavaThread "Attach Listener"            daemon [_thread_blocked, id=43964, stack(0x0000006028900000,0x0000006028a00000) (1024K)]
  0x00000170f9bb51e0 JavaThread "Service Thread"             daemon [_thread_blocked, id=35980, stack(0x0000006028a00000,0x0000006028b00000) (1024K)]
  0x00000170f9bb63d0 JavaThread "Monitor Deflation Thread"   daemon [_thread_blocked, id=13596, stack(0x0000006028b00000,0x0000006028c00000) (1024K)]
  0x00000170f9bbde10 JavaThread "JVMCI-native CompilerThread0" daemon [_thread_blocked, id=25640, stack(0x0000006028c00000,0x0000006028d00000) (1024K)]
  0x00000170f9bbf040 JavaThread "C1 CompilerThread0"         daemon [_thread_blocked, id=31084, stack(0x0000006028d00000,0x0000006028e00000) (1024K)]
  0x00000170fe072fb0 JavaThread "Common-Cleaner"             daemon [_thread_blocked, id=3188, stack(0x0000006028e00000,0x0000006028f00000) (1024K)]
  0x00000170fe2c7460 JavaThread "IntelliJ Suspend Helper"    daemon [_thread_blocked, id=7300, stack(0x0000006029000000,0x0000006029100000) (1024K)]
  0x00000170fe23cf70 JavaThread "CoarseTimer"                daemon [_thread_blocked, id=4564, stack(0x0000006029100000,0x0000006029200000) (1024K)]
  0x00000170fe351870 JavaThread "Monitor Ctrl-Break"         daemon [_thread_in_native, id=43508, stack(0x0000006029200000,0x0000006029300000) (1024K)]
  0x00000170fe351ed0 JavaThread "Notification Thread"        daemon [_thread_blocked, id=43992, stack(0x0000006029300000,0x0000006029400000) (1024K)]
  0x00000170c20547c0 JavaThread "ForkJoinPool.commonPool-worker-1" daemon [_thread_blocked, id=2992, stack(0x0000006029800000,0x0000006029900000) (1024K)]
  0x00000170c20554e0 JavaThread "HttpClient-1-SelectorManager" daemon [_thread_in_native, id=34292, stack(0x0000006029900000,0x0000006029a00000) (1024K)]
  0x00000170c2cf8230 JavaThread "External Process Output Forwarder - C:\Users\Natalija Mitic\.cache\selenium\chromedriver\win64\148.0.7778.178\chromedriver.exe" daemon [_thread_in_native, id=37628, stack(0x0000006029a00000,0x0000006029b00000) (1024K)]
  0x00000170c2cfc3d0 JavaThread "Driver Service Executor"    daemon [_thread_blocked, id=39808, stack(0x0000006029b00000,0x0000006029c00000) (1024K)]
  0x00000170c2cfbd40 JavaThread "Driver Service Executor"    daemon [_thread_in_native, id=28660, stack(0x0000006029c00000,0x0000006029d00000) (1024K)]
  0x00000170c2cfa990 JavaThread "UrlChecker-2"               daemon [_thread_blocked, id=39200, stack(0x0000006029d00000,0x0000006029e00000) (1024K)]
  0x00000170c2cfb6b0 JavaThread "JdkHttpClient-0-0"          daemon [_thread_blocked, id=42360, stack(0x0000006029f00000,0x000000602a000000) (1024K)]
  0x00000170c2cfca60 JavaThread "CompletableFutureDelayScheduler" daemon [_thread_blocked, id=43044, stack(0x000000602a000000,0x000000602a100000) (1024K)]
  0x00000170c2cf88c0 JavaThread "JdkHttpClient-0-1"          daemon [_thread_blocked, id=4440, stack(0x000000602a100000,0x000000602a200000) (1024K)]
  0x00000170c2cf8f50 JavaThread "JdkHttpClient-0-2"          daemon [_thread_blocked, id=22412, stack(0x000000602a200000,0x000000602a300000) (1024K)]
  0x00000170c2cf7ba0 JavaThread "JdkHttpClient-0-3"          daemon [_thread_blocked, id=41772, stack(0x000000602a300000,0x000000602a400000) (1024K)]
  0x00000170c2cfa300 JavaThread "HttpClient-2-SelectorManager" daemon [_thread_in_native, id=40384, stack(0x000000602a400000,0x000000602a500000) (1024K)]
  0x00000170c2cf95e0 JavaThread "JdkHttpClient-1-0"          daemon [_thread_blocked, id=24752, stack(0x000000602a500000,0x000000602a600000) (1024K)]
  0x00000170c2cfd0f0 JavaThread "JdkHttpClient-1-1"          daemon [_thread_blocked, id=43220, stack(0x000000602a600000,0x000000602a700000) (1024K)]
  0x00000170c2cfb020 JavaThread "JdkHttpClient-1-2"          daemon [_thread_blocked, id=29948, stack(0x000000602a700000,0x000000602a800000) (1024K)]
  0x00000170c2cfd780 JavaThread "JdkHttpClient-1-3"          daemon [_thread_blocked, id=42580, stack(0x000000602a800000,0x000000602a900000) (1024K)]
  0x00000170c31dce40 JavaThread "C1 CompilerThread1"         daemon [_thread_blocked, id=40000, stack(0x0000006028f00000,0x0000006029000000) (1024K)]
Total: 31

Other Threads:
  0x00000170f9b96fd0 VMThread "VM Thread"                           [id=22652, stack(0x0000006028500000,0x0000006028600000) (1024K)]
  0x00000170f9b80ce0 WatcherThread "VM Periodic Task Thread"        [id=33708, stack(0x0000006028400000,0x0000006028500000) (1024K)]
  0x00000170d7aab2a0 WorkerThread "GC Thread#0"                     [id=20344, stack(0x0000006027f00000,0x0000006028000000) (1024K)]
  0x00000170c13086a0 WorkerThread "GC Thread#1"                     [id=24076, stack(0x0000006029400000,0x0000006029500000) (1024K)]
  0x00000170c130f820 WorkerThread "GC Thread#2"                     [id=13936, stack(0x0000006029500000,0x0000006029600000) (1024K)]
  0x00000170c130a750 WorkerThread "GC Thread#3"                     [id=30144, stack(0x0000006029600000,0x0000006029700000) (1024K)]
  0x00000170d79ec1e0 ConcurrentGCThread "G1 Main Marker"            [id=17824, stack(0x0000006028000000,0x0000006028100000) (1024K)]
  0x00000170d79ed130 WorkerThread "G1 Conc#0"                       [id=32348, stack(0x0000006028100000,0x0000006028200000) (1024K)]
  0x00000170d7afe3d0 ConcurrentGCThread "G1 Refine#0"               [id=18112, stack(0x0000006028200000,0x0000006028300000) (1024K)]
  0x00000170f9a571a0 ConcurrentGCThread "G1 Service"                [id=39512, stack(0x0000006028300000,0x0000006028400000) (1024K)]
Total: 10

Threads with active compile tasks:
Total: 0

VM state: not at safepoint (normal execution)

VM Mutex/Monitor currently owned by a thread:  ([mutex/lock_event])
[0x00007ffcde565eb0] Metaspace_lock - owner thread: 0x00000170d792f830

Heap address: 0x0000000702200000, size: 4062 MB, Compressed Oops mode: Zero based, Oop shift amount: 3

CDS archive(s) mapped at: [0x0000017080000000-0x0000017080c90000-0x0000017080c90000), size 13172736, SharedBaseAddress: 0x0000017080000000, ArchiveRelocationMode: 1.
Compressed class space mapped at: 0x0000017081000000-0x00000170c1000000, reserved size: 1073741824
Narrow klass base: 0x0000017080000000, Narrow klass shift: 0, Narrow klass range: 0x100000000

GC Precious Log:
 CardTable entry size: 512
 Card Set container configuration: InlinePtr #cards 4 size 8 Array Of Cards #cards 16 size 48 Howl #buckets 8 coarsen threshold 3686 Howl Bitmap #cards 512 size 80 coarsen threshold 460 Card regions per heap region 1 cards per card region 4096
 CPUs: 4 total, 4 available
 Memory: 16244M
 Large Page Support: Disabled
 NUMA Support: Disabled
 Compressed Oops: Enabled (Zero based)
 Heap Region Size: 2M
 Heap Min Capacity: 8M
 Heap Initial Capacity: 254M
 Heap Max Capacity: 4062M
 Pre-touch: Disabled
 Parallel Workers: 4
 Concurrent Workers: 1
 Concurrent Refinement Workers: 4
 Periodic GC: Disabled

Heap:
 garbage-first heap   total 69632K, used 33857K [0x0000000702200000, 0x0000000800000000)
  region size 2048K, 10 young (20480K), 2 survivors (4096K)
 Metaspace       used 33376K, committed 33792K, reserved 1114112K
  class space    used 3664K, committed 3840K, reserved 1048576K

Heap Regions: E=young(eden), S=young(survivor), O=old, HS=humongous(starts), HC=humongous(continues), CS=collection set, F=free, TAMS=top-at-mark-start, PB=parsable bottom
|   0|0x0000000702200000, 0x0000000702400000, 0x0000000702400000|100%| O|  |TAMS 0x0000000702200000| PB 0x0000000702200000| Untracked 
|   1|0x0000000702400000, 0x0000000702600000, 0x0000000702600000|100%| O|  |TAMS 0x0000000702400000| PB 0x0000000702400000| Untracked 
|   2|0x0000000702600000, 0x0000000702800000, 0x0000000702800000|100%| O|  |TAMS 0x0000000702600000| PB 0x0000000702600000| Untracked 
|   3|0x0000000702800000, 0x00000007029bf6c8, 0x0000000702a00000| 87%| O|Cm|TAMS 0x0000000702800000| PB 0x0000000702800000| Complete 
|   4|0x0000000702a00000, 0x0000000702c00000, 0x0000000702c00000|100%| O|  |TAMS 0x0000000702a00000| PB 0x0000000702a00000| Untracked 
|   5|0x0000000702c00000, 0x0000000702e00000, 0x0000000702e00000|100%| O|  |TAMS 0x0000000702c00000| PB 0x0000000702c00000| Untracked 
|   6|0x0000000702e00000, 0x0000000703000000, 0x0000000703000000|100%| O|  |TAMS 0x0000000702e00000| PB 0x0000000702e00000| Untracked 
|   7|0x0000000703000000, 0x0000000703200000, 0x0000000703200000|100%| O|  |TAMS 0x0000000703000000| PB 0x0000000703000000| Untracked 
|   8|0x0000000703200000, 0x0000000703200000, 0x0000000703400000|  0%| F|  |TAMS 0x0000000703200000| PB 0x0000000703200000| Untracked 
|   9|0x0000000703400000, 0x0000000703400000, 0x0000000703600000|  0%| F|  |TAMS 0x0000000703400000| PB 0x0000000703400000| Untracked 
|  10|0x0000000703600000, 0x0000000703600000, 0x0000000703800000|  0%| F|  |TAMS 0x0000000703600000| PB 0x0000000703600000| Untracked 
|  11|0x0000000703800000, 0x0000000703800000, 0x0000000703a00000|  0%| F|  |TAMS 0x0000000703800000| PB 0x0000000703800000| Untracked 
|  12|0x0000000703a00000, 0x0000000703b50fc0, 0x0000000703c00000| 65%| S|CS|TAMS 0x0000000703a00000| PB 0x0000000703a00000| Complete 
|  13|0x0000000703c00000, 0x0000000703e00000, 0x0000000703e00000|100%| S|CS|TAMS 0x0000000703c00000| PB 0x0000000703c00000| Complete 
|  14|0x0000000703e00000, 0x0000000703e00000, 0x0000000704000000|  0%| F|  |TAMS 0x0000000703e00000| PB 0x0000000703e00000| Untracked 
|  15|0x0000000704000000, 0x0000000704000000, 0x0000000704200000|  0%| F|  |TAMS 0x0000000704000000| PB 0x0000000704000000| Untracked 
|  16|0x0000000704200000, 0x0000000704200000, 0x0000000704400000|  0%| F|  |TAMS 0x0000000704200000| PB 0x0000000704200000| Untracked 
|  17|0x0000000704400000, 0x0000000704400000, 0x0000000704600000|  0%| F|  |TAMS 0x0000000704400000| PB 0x0000000704400000| Untracked 
|  18|0x0000000704600000, 0x0000000704600000, 0x0000000704800000|  0%| F|  |TAMS 0x0000000704600000| PB 0x0000000704600000| Untracked 
|  19|0x0000000704800000, 0x0000000704800000, 0x0000000704a00000|  0%| F|  |TAMS 0x0000000704800000| PB 0x0000000704800000| Untracked 
|  20|0x0000000704a00000, 0x0000000704a00000, 0x0000000704c00000|  0%| F|  |TAMS 0x0000000704a00000| PB 0x0000000704a00000| Untracked 
|  21|0x0000000704c00000, 0x0000000704c00000, 0x0000000704e00000|  0%| F|  |TAMS 0x0000000704c00000| PB 0x0000000704c00000| Untracked 
|  22|0x0000000704e00000, 0x0000000704e00000, 0x0000000705000000|  0%| F|  |TAMS 0x0000000704e00000| PB 0x0000000704e00000| Untracked 
|  23|0x0000000705000000, 0x0000000705000000, 0x0000000705200000|  0%| F|  |TAMS 0x0000000705000000| PB 0x0000000705000000| Untracked 
|  24|0x0000000705200000, 0x0000000705200000, 0x0000000705400000|  0%| F|  |TAMS 0x0000000705200000| PB 0x0000000705200000| Untracked 
|  25|0x0000000705400000, 0x0000000705400000, 0x0000000705600000|  0%| F|  |TAMS 0x0000000705400000| PB 0x0000000705400000| Untracked 
|  26|0x0000000705600000, 0x0000000705800000, 0x0000000705800000|100%| E|  |TAMS 0x0000000705600000| PB 0x0000000705600000| Complete 
|  27|0x0000000705800000, 0x0000000705a00000, 0x0000000705a00000|100%| E|CS|TAMS 0x0000000705800000| PB 0x0000000705800000| Complete 
| 107|0x000000070f800000, 0x000000070fa00000, 0x000000070fa00000|100%| E|CS|TAMS 0x000000070f800000| PB 0x000000070f800000| Complete 
| 108|0x000000070fa00000, 0x000000070fc00000, 0x000000070fc00000|100%| E|CS|TAMS 0x000000070fa00000| PB 0x000000070fa00000| Complete 
| 111|0x0000000710000000, 0x0000000710200000, 0x0000000710200000|100%| E|CS|TAMS 0x0000000710000000| PB 0x0000000710000000| Complete 
| 112|0x0000000710200000, 0x0000000710400000, 0x0000000710400000|100%| E|CS|TAMS 0x0000000710200000| PB 0x0000000710200000| Complete 
| 113|0x0000000710400000, 0x0000000710600000, 0x0000000710600000|100%| E|CS|TAMS 0x0000000710400000| PB 0x0000000710400000| Complete 
| 126|0x0000000711e00000, 0x0000000712000000, 0x0000000712000000|100%| E|CS|TAMS 0x0000000711e00000| PB 0x0000000711e00000| Complete 

Card table byte_map: [0x00000170f2e00000,0x00000170f35f0000] _byte_map_base: 0x00000170ef5ef000

Marking Bits: (CMBitMap*) 0x00000170d7aab7b0
 Bits: [0x00000170f35f0000, 0x00000170f7568000)

Polling page: 0x00000170d7b00000

Metaspace:

Usage:
  Non-class:     29.02 MB used.
      Class:      3.58 MB used.
       Both:     32.59 MB used.

Virtual space:
  Non-class space:       64.00 MB reserved,      29.25 MB ( 46%) committed,  1 nodes.
      Class space:        1.00 GB reserved,       3.75 MB ( <1%) committed,  1 nodes.
             Both:        1.06 GB reserved,      33.00 MB (  3%) committed. 

Chunk freelists:
   Non-Class:  2.55 MB
       Class:  12.14 MB
        Both:  14.69 MB

MaxMetaspaceSize: unlimited
CompressedClassSpaceSize: 1.00 GB
Initial GC threshold: 21.00 MB
Current GC threshold: 35.25 MB
CDS: on
 - commit_granule_bytes: 65536.
 - commit_granule_words: 8192.
 - virtual_space_node_default_size: 8388608.
 - enlarge_chunks_in_place: 1.
 - use_allocation_guard: 0.


Internal statistics:

num_allocs_failed_limit: 3.
num_arena_births: 562.
num_arena_deaths: 0.
num_vsnodes_births: 2.
num_vsnodes_deaths: 0.
num_space_committed: 528.
num_space_uncommitted: 0.
num_chunks_returned_to_freelist: 3.
num_chunks_taken_from_freelist: 1409.
num_chunk_merges: 3.
num_chunk_splits: 863.
num_chunks_enlarged: 536.
num_inconsistent_stats: 0.

CodeHeap 'non-profiled nmethods': size=119744Kb used=1322Kb max_used=1322Kb free=118421Kb
 bounds [0x00000170eaaf0000, 0x00000170ead60000, 0x00000170f1fe0000]
CodeHeap 'profiled nmethods': size=119744Kb used=8327Kb max_used=8327Kb free=111416Kb
 bounds [0x00000170e2fe0000, 0x00000170e3810000, 0x00000170ea4d0000]
CodeHeap 'non-nmethods': size=6272Kb used=2182Kb max_used=2182Kb free=4089Kb
 bounds [0x00000170ea4d0000, 0x00000170ea780000, 0x00000170eaaf0000]
 total_blobs=4368 nmethods=3735 adapters=532
 compilation: enabled
              stopped_count=0, restarted_count=0
 full_count=0

JVMCI Events (20 events):
Event: 12.973 Thread 0x00000170f9bbde10 compacted oop handles in JVMCI runtime 0 from 76 to 74
Event: 15.542 Thread 0x00000170f9bbde10 compacted oop handles in JVMCI runtime 0 from 120 to 116
Event: 15.646 Thread 0x00000170f9bbde10 compacted oop handles in JVMCI runtime 0 from 182 to 169
Event: 15.646 Thread 0x00000170f9bbde10 compacted oop handles in JVMCI runtime 0 from 170 to 93
Event: 15.647 Thread 0x00000170f9bbde10 compacted oop handles in JVMCI runtime 0 from 95 to 94
Event: 17.672 Thread 0x00000170f9bbde10 compacted oop handles in JVMCI runtime 0 from 103 to 102
Event: 18.300 Thread 0x00000170f9bbde10 compacted oop handles in JVMCI runtime 0 from 111 to 109
Event: 18.371 Thread 0x00000170f9bbde10 compacted oop handles in JVMCI runtime 0 from 118 to 114
Event: 18.384 Thread 0x00000170f9bbde10 compacted oop handles in JVMCI runtime 0 from 146 to 145
Event: 18.485 Thread 0x00000170f9bbde10 compacted oop handles in JVMCI runtime 0 from 150 to 149
Event: 18.553 Thread 0x00000170f9bbde10 compacted oop handles in JVMCI runtime 0 from 150 to 54
Event: 18.555 Thread 0x00000170f9bbde10 compacted oop handles in JVMCI runtime 0 from 61 to 54
Event: 18.776 Thread 0x00000170f9bbde10 compacted oop handles in JVMCI runtime 0 from 95 to 76
Event: 18.865 Thread 0x00000170f9bbde10 compacted oop handles in JVMCI runtime 0 from 126 to 119
Event: 18.865 Thread 0x00000170f9bbde10 compacted oop handles in JVMCI runtime 0 from 119 to 86
Event: 18.909 Thread 0x00000170f9bbde10 compacted oop handles in JVMCI runtime 0 from 124 to 122
Event: 19.074 Thread 0x00000170f9bbde10 compacted oop handles in JVMCI runtime 0 from 142 to 141
Event: 19.170 Thread 0x00000170f9bbde10 compacted oop handles in JVMCI runtime 0 from 206 to 192
Event: 19.178 Thread 0x00000170f9bbde10 compacted oop handles in JVMCI runtime 0 from 212 to 198
Event: 19.243 Thread 0x00000170f9bbde10 compacted oop handles in JVMCI runtime 0 from 239 to 230

Compilation events (20 events):
Event: 19.150 Thread 0x00000170c31dce40 3730       3       java.lang.invoke.MethodHandles$Lookup::resolveOrNull (46 bytes)
Event: 19.151 Thread 0x00000170c31dce40 nmethod 3730 0x00000170e37fab10 code [0x00000170e37fada0, 0x00000170e37fb850]
Event: 19.163 Thread 0x00000170f9bbde10 3731       4       java.lang.invoke.LambdaForm::prepare (108 bytes)
Event: 19.166 Thread 0x00000170f9bbf040 3733       3       java.util.regex.Pattern$CharPropertyGreedy::match (160 bytes)
Event: 19.167 Thread 0x00000170c31dce40 3734       3       java.util.regex.Matcher::find (35 bytes)
Event: 19.167 Thread 0x00000170c31dce40 nmethod 3734 0x00000170e37fbb90 code [0x00000170e37fbd80, 0x00000170e37fc2e8]
Event: 19.167 Thread 0x00000170f9bbf040 nmethod 3733 0x00000170e37fc490 code [0x00000170e37fc6e0, 0x00000170e37fd488]
Event: 19.169 Thread 0x00000170f9bbf040 3735       3       java.util.regex.Pattern::curly (66 bytes)
Event: 19.170 Thread 0x00000170f9bbde10 nmethod 3731 0x00000170eac39c90 code [0x00000170eac39e40, 0x00000170eac3a0a8]
Event: 19.170 Thread 0x00000170f9bbde10 3732       4       java.lang.invoke.MethodHandle::<init> (37 bytes)
Event: 19.170 Thread 0x00000170f9bbf040 nmethod 3735 0x00000170e37fd790 code [0x00000170e37fda00, 0x00000170e37fed58]
Event: 19.170 Thread 0x00000170c31dce40 3736   !   3       java.net.URI::encode (143 bytes)
Event: 19.171 Thread 0x00000170c31dce40 nmethod 3736 0x00000170e37ff090 code [0x00000170e37ff460, 0x00000170e3800d40]
Event: 19.178 Thread 0x00000170f9bbde10 nmethod 3732 0x00000170eac3a290 code [0x00000170eac3a440, 0x00000170eac3a8f0]
Event: 19.218 Thread 0x00000170f9bbde10 3737       4       java.io.WinNTFileSystem::normalize (143 bytes)
Event: 19.242 Thread 0x00000170f9bbf040 3738       3       java.util.Collections::emptySet (4 bytes)
Event: 19.242 Thread 0x00000170f9bbf040 nmethod 3738 0x00000170e3801690 code [0x00000170e3801820, 0x00000170e3801918]
Event: 19.242 Thread 0x00000170f9bbf040 3739       3       org.apache.xmlbeans.impl.schema.SchemaTypeImpl::assertResolving (24 bytes)
Event: 19.243 Thread 0x00000170f9bbf040 nmethod 3739 0x00000170e3801990 code [0x00000170e3801b40, 0x00000170e3801d80]
Event: 19.243 Thread 0x00000170f9bbde10 


GC Heap History (10 events):
Event: 0.372 GC heap before
{Heap before GC invocations=0 (full 0):
 garbage-first heap   total 260096K, used 10240K [0x0000000702200000, 0x0000000800000000)
  region size 2048K, 6 young (12288K), 0 survivors (0K)
 Metaspace       used 3999K, committed 4160K, reserved 1114112K
  class space    used 307K, committed 384K, reserved 1048576K
}
Event: 0.379 GC heap after
{Heap after GC invocations=1 (full 0):
 garbage-first heap   total 260096K, used 6856K [0x0000000702200000, 0x0000000800000000)
  region size 2048K, 1 young (2048K), 1 survivors (2048K)
 Metaspace       used 3999K, committed 4160K, reserved 1114112K
  class space    used 307K, committed 384K, reserved 1048576K
}
Event: 0.956 GC heap before
{Heap before GC invocations=1 (full 0):
 garbage-first heap   total 260096K, used 17096K [0x0000000702200000, 0x0000000800000000)
  region size 2048K, 6 young (12288K), 1 survivors (2048K)
 Metaspace       used 8697K, committed 8960K, reserved 1114112K
  class space    used 806K, committed 960K, reserved 1048576K
}
Event: 0.958 GC heap after
{Heap after GC invocations=2 (full 0):
 garbage-first heap   total 260096K, used 7374K [0x0000000702200000, 0x0000000800000000)
  region size 2048K, 1 young (2048K), 1 survivors (2048K)
 Metaspace       used 8697K, committed 8960K, reserved 1114112K
  class space    used 806K, committed 960K, reserved 1048576K
}
Event: 1.813 GC heap before
{Heap before GC invocations=2 (full 0):
 garbage-first heap   total 260096K, used 36046K [0x0000000702200000, 0x0000000800000000)
  region size 2048K, 16 young (32768K), 1 survivors (2048K)
 Metaspace       used 16265K, committed 16576K, reserved 1114112K
  class space    used 1558K, committed 1728K, reserved 1048576K
}
Event: 1.818 GC heap after
{Heap after GC invocations=3 (full 0):
 garbage-first heap   total 260096K, used 12029K [0x0000000702200000, 0x0000000800000000)
  region size 2048K, 2 young (4096K), 2 survivors (4096K)
 Metaspace       used 16265K, committed 16576K, reserved 1114112K
  class space    used 1558K, committed 1728K, reserved 1048576K
}
Event: 2.720 GC heap before
{Heap before GC invocations=3 (full 0):
 garbage-first heap   total 260096K, used 34557K [0x0000000702200000, 0x0000000800000000)
  region size 2048K, 15 young (30720K), 2 survivors (4096K)
 Metaspace       used 21192K, committed 21504K, reserved 1114112K
  class space    used 2115K, committed 2240K, reserved 1048576K
}
Event: 2.725 GC heap after
{Heap after GC invocations=4 (full 0):
 garbage-first heap   total 260096K, used 16742K [0x0000000702200000, 0x0000000800000000)
  region size 2048K, 5 young (10240K), 5 survivors (10240K)
 Metaspace       used 21192K, committed 21504K, reserved 1114112K
  class space    used 2115K, committed 2240K, reserved 1048576K
}
Event: 18.388 GC heap before
{Heap before GC invocations=5 (full 0):
 garbage-first heap   total 69632K, used 47462K [0x0000000702200000, 0x0000000800000000)
  region size 2048K, 20 young (40960K), 5 survivors (10240K)
 Metaspace       used 29145K, committed 29568K, reserved 1114112K
  class space    used 3149K, committed 3328K, reserved 1048576K
}
Event: 18.400 GC heap after
{Heap after GC invocations=6 (full 0):
 garbage-first heap   total 69632K, used 19521K [0x0000000702200000, 0x0000000800000000)
  region size 2048K, 2 young (4096K), 2 survivors (4096K)
 Metaspace       used 29145K, committed 29568K, reserved 1114112K
  class space    used 3149K, committed 3328K, reserved 1048576K
}

Dll operation events (11 events):
Event: 0.013 Loaded shared library C:\Users\Natalija Mitic\.jdks\graalvm-jdk-21.0.7\bin\java.dll
Event: 0.015 Loaded shared library C:\Users\Natalija Mitic\.jdks\graalvm-jdk-21.0.7\bin\zip.dll
Event: 0.053 Loaded shared library C:\Users\Natalija Mitic\.jdks\graalvm-jdk-21.0.7\bin\jsvml.dll
Event: 0.162 Loaded shared library C:\Users\Natalija Mitic\.jdks\graalvm-jdk-21.0.7\bin\instrument.dll
Event: 0.167 Loaded shared library C:\Users\Natalija Mitic\.jdks\graalvm-jdk-21.0.7\bin\jvmcicompiler.dll
Event: 0.174 Loaded shared library C:\Users\Natalija Mitic\.jdks\graalvm-jdk-21.0.7\bin\net.dll
Event: 0.176 Loaded shared library C:\Users\Natalija Mitic\.jdks\graalvm-jdk-21.0.7\bin\nio.dll
Event: 0.182 Loaded shared library C:\Users\Natalija Mitic\.jdks\graalvm-jdk-21.0.7\bin\zip.dll
Event: 0.186 Loaded shared library C:\Users\Natalija Mitic\.jdks\graalvm-jdk-21.0.7\bin\jimage.dll
Event: 0.267 Loaded shared library C:\Users\Natalija Mitic\.jdks\graalvm-jdk-21.0.7\bin\extnet.dll
Event: 1.279 Loaded shared library C:\Users\Natalija Mitic\.jdks\graalvm-jdk-21.0.7\bin\sunmscapi.dll

Deoptimization events (20 events):
Event: 18.832 Thread 0x00000170d792f830 Uncommon trap: trap_request=0xffffffed fr.pc=0x00000170eac2d8c5 relative=0x0000000000000225
Event: 18.832 Thread 0x00000170d792f830 Uncommon trap: reason=null_assert_or_unreached0 action=reinterpret pc=0x00000170eac2d8c5 method=java.lang.StringLatin1.regionMatchesCI([BI[BII)Z @ 6 jvmci
Event: 18.832 Thread 0x00000170d792f830 DEOPT PACKING pc=0x00000170eac2d8c5 sp=0x0000006027efdb30
Event: 18.832 Thread 0x00000170d792f830 DEOPT UNPACKING pc=0x00000170ea524c43 sp=0x0000006027efcef8 mode 3
Event: 18.832 Thread 0x00000170d792f830 Uncommon trap: trap_request=0xffffffed fr.pc=0x00000170eac0cee9 relative=0x00000000000000c9
Event: 18.832 Thread 0x00000170d792f830 Uncommon trap: reason=null_assert_or_unreached0 action=reinterpret pc=0x00000170eac0cee9 method=java.lang.CharacterDataLatin1.equalsIgnoreCase(BB)Z @ 0 jvmci
Event: 18.832 Thread 0x00000170d792f830 DEOPT PACKING pc=0x00000170eac0cee9 sp=0x0000006027efd9e0
Event: 18.832 Thread 0x00000170d792f830 DEOPT UNPACKING pc=0x00000170ea524c43 sp=0x0000006027efce80 mode 3
Event: 18.895 Thread 0x00000170d792f830 Uncommon trap: trap_request=0xffffffed fr.pc=0x00000170eac2df5d relative=0x000000000000013d
Event: 18.895 Thread 0x00000170d792f830 Uncommon trap: reason=null_assert_or_unreached0 action=reinterpret pc=0x00000170eac2df5d method=java.lang.StringLatin1.regionMatchesCI([BI[BII)Z @ 6 jvmci
Event: 18.895 Thread 0x00000170d792f830 DEOPT PACKING pc=0x00000170eac2df5d sp=0x0000006027efd620
Event: 18.895 Thread 0x00000170d792f830 DEOPT UNPACKING pc=0x00000170ea524c43 sp=0x0000006027efcab0 mode 3
Event: 18.921 Thread 0x00000170d792f830 Uncommon trap: trap_request=0xffffffed fr.pc=0x00000170eaba55e9 relative=0x00000000000000c9
Event: 18.921 Thread 0x00000170d792f830 Uncommon trap: reason=null_assert_or_unreached0 action=reinterpret pc=0x00000170eaba55e9 method=java.lang.Character.digit(CI)I @ 0 jvmci
Event: 18.921 Thread 0x00000170d792f830 DEOPT PACKING pc=0x00000170eaba55e9 sp=0x0000006027efd680
Event: 18.921 Thread 0x00000170d792f830 DEOPT UNPACKING pc=0x00000170ea524c43 sp=0x0000006027efcb28 mode 3
Event: 18.970 Thread 0x00000170d792f830 Uncommon trap: trap_request=0xffffffed fr.pc=0x00000170eac37635 relative=0x0000000000000195
Event: 18.970 Thread 0x00000170d792f830 Uncommon trap: reason=null_assert_or_unreached0 action=reinterpret pc=0x00000170eac37635 method=java.util.Locale.equals(Ljava/lang/Object;)Z @ 0 jvmci
Event: 18.970 Thread 0x00000170d792f830 DEOPT PACKING pc=0x00000170eac37635 sp=0x0000006027efbae0
Event: 18.970 Thread 0x00000170d792f830 DEOPT UNPACKING pc=0x00000170ea524c43 sp=0x0000006027efaf80 mode 3

Classes loaded (20 events):
Event: 19.245 Loading class org/apache/xmlbeans/impl/regex/Op
Event: 19.245 Loading class org/apache/xmlbeans/impl/regex/Op done
Event: 19.246 Loading class org/apache/xmlbeans/impl/regex/Op$CharOp
Event: 19.246 Loading class org/apache/xmlbeans/impl/regex/Op$CharOp done
Event: 19.247 Loading class org/apache/xmlbeans/impl/regex/Op$RangeOp
Event: 19.247 Loading class org/apache/xmlbeans/impl/regex/Op$RangeOp done
Event: 19.247 Loading class org/apache/xmlbeans/impl/regex/Op$UnionOp
Event: 19.247 Loading class org/apache/xmlbeans/impl/regex/Op$UnionOp done
Event: 19.247 Loading class org/apache/xmlbeans/impl/regex/Op$ChildOp
Event: 19.247 Loading class org/apache/xmlbeans/impl/regex/Op$ChildOp done
Event: 19.247 Loading class org/apache/xmlbeans/impl/regex/Op$StringOp
Event: 19.247 Loading class org/apache/xmlbeans/impl/regex/Op$StringOp done
Event: 19.247 Loading class org/apache/xmlbeans/impl/regex/Op$ModifierOp
Event: 19.247 Loading class org/apache/xmlbeans/impl/regex/Op$ModifierOp done
Event: 19.248 Loading class org/apache/xmlbeans/impl/regex/Op$ConditionOp
Event: 19.248 Loading class org/apache/xmlbeans/impl/regex/Op$ConditionOp done
Event: 19.248 Loading class org/apache/xmlbeans/impl/regex/RegexParser
Event: 19.248 Loading class org/apache/xmlbeans/impl/regex/RegexParser done
Event: 19.249 Loading class org/apache/xmlbeans/impl/regex/ParserForXMLSchema
Event: 19.249 Loading class org/apache/xmlbeans/impl/regex/ParserForXMLSchema done

Classes unloaded (0 events):
No events

Classes redefined (1 events):
Event: 0.214 Thread 0x00000170f9b96fd0 redefined class name=java.lang.Throwable, count=1

Internal exceptions (20 events):
Event: 4.571 Thread 0x00000170c2cf88c0 Exception <a 'java/lang/NoSuchMethodError'{0x0000000704fc5810}: 'java.lang.Object java.lang.invoke.DirectMethodHandle$Holder.newInvokeSpecial(java.lang.Object, java.lang.Object, long, java.lang.Object, java.lang.Object, java.lang.Object)'> (0x0000000704fc5810) 
thrown [s\open\src\hotspot\share\interpreter\linkResolver.cpp, line 773]
Event: 4.714 Thread 0x00000170d792f830 Exception <a 'java/lang/NoSuchMethodError'{0x0000000704b9b638}: 'java.lang.Object java.lang.invoke.DirectMethodHandle$Holder.invokeSpecialIFC(java.lang.Object, java.lang.Object, java.lang.Object)'> (0x0000000704b9b638) 
thrown [s\open\src\hotspot\share\interpreter\linkResolver.cpp, line 773]
Event: 4.833 Thread 0x00000170d792f830 Exception <a 'java/lang/ClassNotFoundException'{0x0000000704748ee0}: sun/util/logging/resources/spi/loggingProvider> (0x0000000704748ee0) 
thrown [s\open\src\hotspot\share\classfile\systemDictionary.cpp, line 312]
Event: 4.850 Thread 0x00000170d792f830 Exception <a 'java/lang/NoSuchMethodError'{0x00000007047a5fb0}: 'void java.lang.invoke.DirectMethodHandle$Holder.invokeStaticInit(java.lang.Object, java.lang.Object)'> (0x00000007047a5fb0) 
thrown [s\open\src\hotspot\share\interpreter\linkResolver.cpp, line 773]
Event: 18.382 Thread 0x00000170d792f830 Exception <a 'java/lang/NoSuchMethodError'{0x0000000703fc4678}: 'int java.lang.invoke.DirectMethodHandle$Holder.invokeStatic(java.lang.Object)'> (0x0000000703fc4678) 
thrown [s\open\src\hotspot\share\interpreter\linkResolver.cpp, line 773]
Event: 18.382 Thread 0x00000170d792f830 Exception <a 'java/lang/NoSuchMethodError'{0x0000000703fc7ab8}: 'int java.lang.invoke.DirectMethodHandle$Holder.invokeStaticInit(java.lang.Object)'> (0x0000000703fc7ab8) 
thrown [s\open\src\hotspot\share\interpreter\linkResolver.cpp, line 773]
Event: 18.516 Thread 0x00000170d792f830 Exception <a 'java/lang/NoSuchMethodError'{0x000000071048ab78}: 'void java.lang.invoke.DirectMethodHandle$Holder.invokeStaticInit(java.lang.Object)'> (0x000000071048ab78) 
thrown [s\open\src\hotspot\share\interpreter\linkResolver.cpp, line 773]
Event: 18.548 Thread 0x00000170d792f830 Exception <a 'java/lang/NoSuchMethodError'{0x0000000710535ba0}: 'int java.lang.invoke.DirectMethodHandle$Holder.invokeSpecial(java.lang.Object, java.lang.Object, int)'> (0x0000000710535ba0) 
thrown [s\open\src\hotspot\share\interpreter\linkResolver.cpp, line 773]
Event: 18.551 Thread 0x00000170d792f830 Exception <a 'java/lang/NoSuchMethodError'{0x000000071054d490}: 'void java.lang.invoke.DirectMethodHandle$Holder.invokeStaticInit(java.lang.Object, java.lang.Object, java.lang.Object)'> (0x000000071054d490) 
thrown [s\open\src\hotspot\share\interpreter\linkResolver.cpp, line 773]
Event: 18.553 Thread 0x00000170d792f830 Exception <a 'java/lang/NoSuchMethodError'{0x000000071055a688}: 'java.lang.Object java.lang.invoke.DirectMethodHandle$Holder.invokeStaticInit(java.lang.Object, java.lang.Object, java.lang.Object)'> (0x000000071055a688) 
thrown [s\open\src\hotspot\share\interpreter\linkResolver.cpp, line 773]
Event: 18.557 Thread 0x00000170d792f830 Exception <a 'java/lang/NoSuchMethodError'{0x0000000710577728}: 'void java.lang.invoke.DirectMethodHandle$Holder.invokeStaticInit(java.lang.Object, java.lang.Object, java.lang.Object, java.lang.Object)'> (0x0000000710577728) 
thrown [s\open\src\hotspot\share\interpreter\linkResolver.cpp, line 773]
Event: 18.573 Thread 0x00000170d792f830 Exception <a 'java/lang/NoSuchMethodError'{0x00000007105808b0}: 'void java.lang.invoke.DirectMethodHandle$Holder.invokeStatic(java.lang.Object, int)'> (0x00000007105808b0) 
thrown [s\open\src\hotspot\share\interpreter\linkResolver.cpp, line 773]
Event: 18.574 Thread 0x00000170d792f830 Exception <a 'java/lang/NoSuchMethodError'{0x0000000710583d50}: 'void java.lang.invoke.DirectMethodHandle$Holder.invokeStaticInit(java.lang.Object, int)'> (0x0000000710583d50) 
thrown [s\open\src\hotspot\share\interpreter\linkResolver.cpp, line 773]
Event: 18.841 Thread 0x00000170d792f830 Exception <a 'java/lang/NoSuchMethodError'{0x00000007103cd320}: 'void java.lang.invoke.DirectMethodHandle$Holder.invokeVirtual(java.lang.Object, java.lang.Object, java.lang.Object, int)'> (0x00000007103cd320) 
thrown [s\open\src\hotspot\share\interpreter\linkResolver.cpp, line 773]
Event: 18.843 Thread 0x00000170d792f830 Exception <a 'java/lang/NoSuchMethodError'{0x00000007103d47b8}: 'void java.lang.invoke.DirectMethodHandle$Holder.invokeVirtual(java.lang.Object, java.lang.Object, java.lang.Object, java.lang.Object)'> (0x00000007103d47b8) 
thrown [s\open\src\hotspot\share\interpreter\linkResolver.cpp, line 773]
Event: 18.853 Thread 0x00000170d792f830 Exception <a 'java/lang/NoSuchMethodError'{0x0000000710015a28}: 'void java.lang.invoke.DirectMethodHandle$Holder.invokeStatic(java.lang.Object, java.lang.Object, java.lang.Object, int)'> (0x0000000710015a28) 
thrown [s\open\src\hotspot\share\interpreter\linkResolver.cpp, line 773]
Event: 18.853 Thread 0x00000170d792f830 Exception <a 'java/lang/NoSuchMethodError'{0x0000000710018f30}: 'void java.lang.invoke.DirectMethodHandle$Holder.invokeStaticInit(java.lang.Object, java.lang.Object, java.lang.Object, int)'> (0x0000000710018f30) 
thrown [s\open\src\hotspot\share\interpreter\linkResolver.cpp, line 773]
Event: 18.970 Thread 0x00000170d792f830 Implicit null exception at 0x00000170eac3750e to 0x00000170eac3761a
Event: 18.986 Thread 0x00000170d792f830 Exception <a 'java/lang/NoSuchMethodError'{0x000000070fa8c190}: 'java.lang.Object java.lang.invoke.DirectMethodHandle$Holder.invokeStatic(java.lang.Object, java.lang.Object, int, int)'> (0x000000070fa8c190) 
thrown [s\open\src\hotspot\share\interpreter\linkResolver.cpp, line 773]
Event: 18.986 Thread 0x00000170d792f830 Exception <a 'java/lang/NoSuchMethodError'{0x000000070fa8f878}: 'java.lang.Object java.lang.invoke.DirectMethodHandle$Holder.invokeStaticInit(java.lang.Object, java.lang.Object, int, int)'> (0x000000070fa8f878) 
thrown [s\open\src\hotspot\share\interpreter\linkResolver.cpp, line 773]

ZGC Phase Switch (0 events):
No events

VM Operations (20 events):
Event: 4.552 Executing VM operation: HandshakeAllThreads (Deoptimize)
Event: 4.552 Executing VM operation: HandshakeAllThreads (Deoptimize) done
Event: 4.555 Executing VM operation: HandshakeAllThreads (Deoptimize)
Event: 4.555 Executing VM operation: HandshakeAllThreads (Deoptimize) done
Event: 5.567 Executing VM operation: Cleanup
Event: 5.568 Executing VM operation: Cleanup done
Event: 11.604 Executing VM operation: Cleanup
Event: 11.604 Executing VM operation: Cleanup done
Event: 13.632 Executing VM operation: Cleanup
Event: 13.632 Executing VM operation: Cleanup done
Event: 15.647 Executing VM operation: Cleanup
Event: 15.647 Executing VM operation: Cleanup done
Event: 16.658 Executing VM operation: Cleanup
Event: 16.658 Executing VM operation: Cleanup done
Event: 18.381 Executing VM operation: HandshakeAllThreads (Deoptimize)
Event: 18.381 Executing VM operation: HandshakeAllThreads (Deoptimize) done
Event: 18.381 Executing VM operation: Cleanup
Event: 18.381 Executing VM operation: Cleanup done
Event: 18.388 Executing VM operation: G1CollectForAllocation (G1 Evacuation Pause)
Event: 18.400 Executing VM operation: G1CollectForAllocation (G1 Evacuation Pause) done

Events (20 events):
Event: 3.013 Thread 0x00000170c2cf8230 Thread added: 0x00000170c2cf8230
Event: 3.016 Thread 0x00000170c2cfc3d0 Thread added: 0x00000170c2cfc3d0
Event: 3.017 Thread 0x00000170c2cfbd40 Thread added: 0x00000170c2cfbd40
Event: 3.032 Thread 0x00000170c2cfa990 Thread added: 0x00000170c2cfa990
Event: 3.104 Thread 0x00000170c2cf9c70 Thread added: 0x00000170c2cf9c70
Event: 3.170 Thread 0x00000170c2cfb6b0 Thread added: 0x00000170c2cfb6b0
Event: 3.173 Thread 0x00000170c2cfca60 Thread added: 0x00000170c2cfca60
Event: 3.230 Thread 0x00000170c2cf88c0 Thread added: 0x00000170c2cf88c0
Event: 3.232 Thread 0x00000170c2cf8f50 Thread added: 0x00000170c2cf8f50
Event: 3.232 Thread 0x00000170c2cf7ba0 Thread added: 0x00000170c2cf7ba0
Event: 4.763 Thread 0x00000170c2cfa300 Thread added: 0x00000170c2cfa300
Event: 4.764 Thread 0x00000170c2cf95e0 Thread added: 0x00000170c2cf95e0
Event: 4.766 Thread 0x00000170c2cfd0f0 Thread added: 0x00000170c2cfd0f0
Event: 4.766 Thread 0x00000170c2cfb020 Thread added: 0x00000170c2cfb020
Event: 4.766 Thread 0x00000170c2cfd780 Thread added: 0x00000170c2cfd780
Event: 8.354 Thread 0x00000170fe082630 Thread exited: 0x00000170fe082630
Event: 13.119 Thread 0x00000170c2cf9c70 Thread exited: 0x00000170c2cf9c70
Event: 15.466 Thread 0x00000170c2eb2ce0 Thread added: 0x00000170c2eb2ce0
Event: 17.601 Thread 0x00000170c2eb2ce0 Thread exited: 0x00000170c2eb2ce0
Event: 18.897 Thread 0x00000170c31dce40 Thread added: 0x00000170c31dce40


Dynamic libraries:
0x00007ff74e560000 - 0x00007ff74e570000 	C:\Users\Natalija Mitic\.jdks\graalvm-jdk-21.0.7\bin\java.exe
0x00007ffd433d0000 - 0x00007ffd435c8000 	C:\WINDOWS\SYSTEM32\ntdll.dll
0x00007ffd42d80000 - 0x00007ffd42e42000 	C:\WINDOWS\System32\KERNEL32.DLL
0x00007ffd40a60000 - 0x00007ffd40d56000 	C:\WINDOWS\System32\KERNELBASE.dll
0x00007ffd41110000 - 0x00007ffd41210000 	C:\WINDOWS\System32\ucrtbase.dll
0x00007ffd3b9e0000 - 0x00007ffd3b9fb000 	C:\Users\Natalija Mitic\.jdks\graalvm-jdk-21.0.7\bin\VCRUNTIME140.dll
0x00007ffd3ba10000 - 0x00007ffd3ba29000 	C:\Users\Natalija Mitic\.jdks\graalvm-jdk-21.0.7\bin\jli.dll
0x00007ffd42690000 - 0x00007ffd42741000 	C:\WINDOWS\System32\ADVAPI32.dll
0x00007ffd42400000 - 0x00007ffd4249e000 	C:\WINDOWS\System32\msvcrt.dll
0x00007ffd425f0000 - 0x00007ffd4268f000 	C:\WINDOWS\System32\sechost.dll
0x00007ffd42200000 - 0x00007ffd42320000 	C:\WINDOWS\System32\RPCRT4.dll
0x00007ffd413c0000 - 0x00007ffd413e7000 	C:\WINDOWS\System32\bcrypt.dll
0x00007ffd41410000 - 0x00007ffd415b1000 	C:\WINDOWS\System32\USER32.dll
0x00007ffd412a0000 - 0x00007ffd412c2000 	C:\WINDOWS\System32\win32u.dll
0x00007ffd42ab0000 - 0x00007ffd42adb000 	C:\WINDOWS\System32\GDI32.dll
0x00007ffd40de0000 - 0x00007ffd40ef9000 	C:\WINDOWS\System32\gdi32full.dll
0x00007ffd19750000 - 0x00007ffd199eb000 	C:\WINDOWS\WinSxS\amd64_microsoft.windows.common-controls_6595b64144ccf1df_6.0.19041.6456_none_60b8a6cb71f64256\COMCTL32.dll
0x00007ffd41320000 - 0x00007ffd413bd000 	C:\WINDOWS\System32\msvcp_win.dll
0x00007ffd37770000 - 0x00007ffd3777a000 	C:\WINDOWS\SYSTEM32\VERSION.dll
0x00007ffd415c0000 - 0x00007ffd415ef000 	C:\WINDOWS\System32\IMM32.DLL
0x00007ffd3a860000 - 0x00007ffd3a86c000 	C:\Users\Natalija Mitic\.jdks\graalvm-jdk-21.0.7\bin\vcruntime140_1.dll
0x00007ffcf0630000 - 0x00007ffcf06be000 	C:\Users\Natalija Mitic\.jdks\graalvm-jdk-21.0.7\bin\msvcp140.dll
0x00007ffcdd920000 - 0x00007ffcde644000 	C:\Users\Natalija Mitic\.jdks\graalvm-jdk-21.0.7\bin\server\jvm.dll
0x00007ffd43320000 - 0x00007ffd4338b000 	C:\WINDOWS\System32\WS2_32.dll
0x00007ffd3ffd0000 - 0x00007ffd4001b000 	C:\WINDOWS\SYSTEM32\POWRPROF.dll
0x00007ffd1a720000 - 0x00007ffd1a747000 	C:\WINDOWS\SYSTEM32\WINMM.dll
0x00007ffd3fe40000 - 0x00007ffd3fe52000 	C:\WINDOWS\SYSTEM32\UMPDC.dll
0x00007ffd3f230000 - 0x00007ffd3f242000 	C:\WINDOWS\SYSTEM32\kernel.appcore.dll
0x00007ffd3a850000 - 0x00007ffd3a85a000 	C:\Users\Natalija Mitic\.jdks\graalvm-jdk-21.0.7\bin\jimage.dll
0x00007ffd3f000000 - 0x00007ffd3f201000 	C:\WINDOWS\SYSTEM32\DBGHELP.DLL
0x00007ffd2f160000 - 0x00007ffd2f194000 	C:\WINDOWS\SYSTEM32\dbgcore.DLL
0x00007ffd41210000 - 0x00007ffd41292000 	C:\WINDOWS\System32\bcryptPrimitives.dll
0x00007ffd38c10000 - 0x00007ffd38c1f000 	C:\Users\Natalija Mitic\.jdks\graalvm-jdk-21.0.7\bin\instrument.dll
0x00007ffd38bd0000 - 0x00007ffd38bef000 	C:\Users\Natalija Mitic\.jdks\graalvm-jdk-21.0.7\bin\java.dll
0x00007ffd38a90000 - 0x00007ffd38aa8000 	C:\Users\Natalija Mitic\.jdks\graalvm-jdk-21.0.7\bin\zip.dll
0x00007ffd41920000 - 0x00007ffd42090000 	C:\WINDOWS\System32\SHELL32.dll
0x00007ffd3e710000 - 0x00007ffd3eeb5000 	C:\WINDOWS\SYSTEM32\windows.storage.dll
0x00007ffd42750000 - 0x00007ffd42aa4000 	C:\WINDOWS\System32\combase.dll
0x00007ffd40490000 - 0x00007ffd404bb000 	C:\WINDOWS\SYSTEM32\Wldp.dll
0x00007ffd416d0000 - 0x00007ffd4179d000 	C:\WINDOWS\System32\OLEAUT32.dll
0x00007ffd42150000 - 0x00007ffd421fd000 	C:\WINDOWS\System32\SHCORE.dll
0x00007ffd417a0000 - 0x00007ffd417fb000 	C:\WINDOWS\System32\shlwapi.dll
0x00007ffd40990000 - 0x00007ffd409b4000 	C:\WINDOWS\SYSTEM32\profapi.dll
0x00007ffce41f0000 - 0x00007ffce42c7000 	C:\Users\Natalija Mitic\.jdks\graalvm-jdk-21.0.7\bin\jsvml.dll
0x00007ffc72780000 - 0x00007ffc757a9000 	C:\Users\Natalija Mitic\.jdks\graalvm-jdk-21.0.7\bin\jvmcicompiler.dll
0x00007ffd413f0000 - 0x00007ffd413f8000 	C:\WINDOWS\System32\PSAPI.DLL
0x00007ffd40f00000 - 0x00007ffd4105d000 	C:\WINDOWS\System32\CRYPT32.dll
0x00007ffd40500000 - 0x00007ffd40527000 	C:\WINDOWS\SYSTEM32\ncrypt.dll
0x00007ffd3fe60000 - 0x00007ffd3fe9b000 	C:\WINDOWS\SYSTEM32\IPHLPAPI.DLL
0x00007ffd401f0000 - 0x00007ffd4025a000 	C:\WINDOWS\SYSTEM32\MSWSOCK.dll
0x00007ffd40950000 - 0x00007ffd4097e000 	C:\WINDOWS\SYSTEM32\USERENV.dll
0x00007ffd404c0000 - 0x00007ffd404fb000 	C:\WINDOWS\SYSTEM32\NTASN1.dll
0x00007ffd38bc0000 - 0x00007ffd38bd0000 	C:\Users\Natalija Mitic\.jdks\graalvm-jdk-21.0.7\bin\net.dll
0x00007ffd360a0000 - 0x00007ffd361aa000 	C:\WINDOWS\SYSTEM32\WINHTTP.dll
0x00007ffd389a0000 - 0x00007ffd389b6000 	C:\Users\Natalija Mitic\.jdks\graalvm-jdk-21.0.7\bin\nio.dll
0x00007ffd38990000 - 0x00007ffd38999000 	C:\Users\Natalija Mitic\.jdks\graalvm-jdk-21.0.7\bin\extnet.dll
0x00007ffd403e0000 - 0x00007ffd403f8000 	C:\WINDOWS\SYSTEM32\CRYPTSP.dll
0x00007ffd3fa60000 - 0x00007ffd3fa98000 	C:\WINDOWS\system32\rsaenh.dll
0x00007ffd40400000 - 0x00007ffd4040c000 	C:\WINDOWS\SYSTEM32\CRYPTBASE.dll
0x00007ffd41400000 - 0x00007ffd41408000 	C:\WINDOWS\System32\NSI.dll
0x00007ffd38980000 - 0x00007ffd3898e000 	C:\Users\Natalija Mitic\.jdks\graalvm-jdk-21.0.7\bin\sunmscapi.dll
0x00007ffd3fea0000 - 0x00007ffd3ff6a000 	C:\WINDOWS\SYSTEM32\DNSAPI.dll
0x00007ffd37780000 - 0x00007ffd3778a000 	C:\Windows\System32\rasadhlp.dll
0x00007ffd1a240000 - 0x00007ffd1a2c0000 	C:\WINDOWS\System32\fwpuclnt.dll
0x00007ffd0ae70000 - 0x00007ffd0ae77000 	C:\WINDOWS\system32\wshunix.dll

dbghelp: loaded successfully - version: 4.0.5 - missing functions: none
symbol engine: initialized successfully - sym options: 0x614 - pdb path: .;C:\Users\Natalija Mitic\.jdks\graalvm-jdk-21.0.7\bin;C:\WINDOWS\SYSTEM32;C:\WINDOWS\WinSxS\amd64_microsoft.windows.common-controls_6595b64144ccf1df_6.0.19041.6456_none_60b8a6cb71f64256;C:\Users\Natalija Mitic\.jdks\graalvm-jdk-21.0.7\bin\server

VM Arguments:
jvm_args: -XX:ThreadPriorityPolicy=1 -XX:+UnlockExperimentalVMOptions -XX:+EnableJVMCIProduct -XX:-UnlockExperimentalVMOptions -javaagent:C:\Users\NATALI~1\AppData\Local\Temp\captureAgent1266jars\debugger-agent.jar=file:///C:/Users/NATALI~1/AppData/Local/Temp/capture3801213924684585768.props -ea -Didea.test.cyclic.buffer.size=1048576 -javaagent:D:\IntelliJ IDEA\IntelliJ IDEA 2026.1\lib\idea_rt.jar=56120 -Dkotlinx.coroutines.debug.enable.creation.stack.trace=false -Ddebugger.agent.enable.coroutines=true -Dkotlinx.coroutines.debug.enable.flows.stack.trace=true -Dkotlinx.coroutines.debug.enable.mutable.state.flows.stack.trace=true -Ddebugger.async.stack.trace.for.all.threads=true -Dfile.encoding=UTF-8 -Dsun.stdout.encoding=UTF-8 -Dsun.stderr.encoding=UTF-8 
java_command: com.intellij.rt.testng.RemoteTestNGStarter -usedefaultlisteners false -socket56119 @w@C:\Users\NATALI~1\AppData\Local\Temp\idea_working_dirs_testng1.tmp -temp C:\Users\NATALI~1\AppData\Local\Temp\idea_testng1.tmp
java_class_path (initial): D:\IntelliJ IDEA\IntelliJ IDEA 2026.1\lib\idea_rt.jar;D:\IntelliJ IDEA\IntelliJ IDEA 2026.1\plugins\testng\lib\testng-rt.jar;D:\New folder\ITBootcamp\ZavrsniProjekat\target\test-classes;C:\Users\Natalija Mitic\.m2\repository\org\seleniumhq\selenium\selenium-java\4.43.0\selenium-java-4.43.0.jar;C:\Users\Natalija Mitic\.m2\repository\org\seleniumhq\selenium\selenium-api\4.43.0\selenium-api-4.43.0.jar;C:\Users\Natalija Mitic\.m2\repository\org\seleniumhq\selenium\selenium-devtools-v145\4.43.0\selenium-devtools-v145-4.43.0.jar;C:\Users\Natalija Mitic\.m2\repository\org\seleniumhq\selenium\selenium-devtools-v146\4.43.0\selenium-devtools-v146-4.43.0.jar;C:\Users\Natalija Mitic\.m2\repository\org\seleniumhq\selenium\selenium-devtools-v147\4.43.0\selenium-devtools-v147-4.43.0.jar;C:\Users\Natalija Mitic\.m2\repository\org\seleniumhq\selenium\selenium-edge-driver\4.43.0\selenium-edge-driver-4.43.0.jar;C:\Users\Natalija Mitic\.m2\repository\org\seleniumhq\selenium\selenium-firefox-driver\4.43.0\selenium-firefox-driver-4.43.0.jar;C:\Users\Natalija Mitic\.m2\repository\org\seleniumhq\selenium\selenium-http\4.43.0\selenium-http-4.43.0.jar;C:\Users\Natalija Mitic\.m2\repository\org\seleniumhq\selenium\selenium-ie-driver\4.43.0\selenium-ie-driver-4.43.0.jar;C:\Users\Natalija Mitic\.m2\repository\org\seleniumhq\selenium\selenium-remote-driver\4.43.0\selenium-remote-driver-4.43.0.jar;C:\Users\Natalija Mitic\.m2\repository\com\google\guava\guava\33.5.0-jre\guava-33.5.0-jre.jar;C:\Users\Natalija Mitic\.m2\repository\com\google\guava\failureaccess\1.0.3\failureaccess-1.0.3.jar;C:\Users\Natalija Mitic\.m2\repository\com\google\guava\listenablefuture\9999.0-empty-to-avoid-conflict-with-guava\listenablefuture-9999.0-empty-to-avoid-conflict-with-guava.jar;C:\Users\Natalija Mitic\.m2\repository\com\google\j2objc\j2objc-annotations\3.1\j2objc-annotations-3.1.jar;C:\Users\Natalija Mitic\.m2\repository\io\opentelemetry\opentelemetry-api\1.60.1\opentelemetry-api-1.60.1.jar;C:\Users\Natalija Mitic\.m2\repository\io\opentelemetry\opentelemetry-context\1.60.1\opentelemetry-context-1.60.1.jar;C:\Users\Natalija Mitic\.m2\repository\io\opentelemetry\opentelemetry-common\1.60.1\opentelemetry-common-1.60.1.jar;C:\Users\Natalija Mitic\.m2\repository\io\opentelemetry\opentelemetry-exporter-logging\1.60.1\opentelemetry-exporter-logging-1.60.1.jar;C:\Users\Natalija Mitic\.m2\repository\io\opentelemetry\opentelemetry-sdk-common\1.60.1\opentelemetry-sdk-common-1.60.1.jar;C:\Users\Natalija Mitic\.m2\repository\io\opentelemetry\opentelemetry-sdk-extension-autoconfigure-spi\1.60.1\opentelemetry-sdk-extension-autoconfigure-spi-1.60.1.jar;C:\Users\Natalija Mitic\.m2\repository\io\opentelemetry\opentelemetry-sdk-extension-autoconfigure\1.60.1\opentelemetry-sdk-extension-autoconfigure-1.60.1.jar;C:\Users\Natalija Mitic\.m2\repository\io\opentelemetry\opentelemetry-sdk-trace\1.60.1\opentelemetry-sdk-trace-1.60.1.jar;C:\Users\Natalija Mitic\.m2\repository\io\opentelemetry\opentelemetry-sdk\1.60.1\opentelemetry-sdk-1.60.1.jar;C:\Users\Natalija Mitic\.m2\repository\io\opentelemetry\opentelemetry-sdk-metrics\1.60.1\opentelemetry-sdk-metrics-1.60.1.jar;C:\Users\Natalija Mitic\.m2\repository\io\opentelemetry\opentelemetry-sdk-logs\1.60.1\opentelemetry-sdk-logs-1.60.1.jar;C:\Users\Natalija Mitic\.m2\repository\net\bytebuddy\byte-buddy\1.18.8-jdk5\byte-buddy-1.18.8-jdk5.jar;C:\Users\Natalija Mitic\.m2\repository\org\seleniumhq\selenium\selenium-os\4.43.0\selenium-os-4.43.0.jar;C:\Users\Natalija Mitic\.m2\repository\org\seleniumhq\selenium\selenium-safari-driver\4.43.0\selenium-safari-driver-4.43.0.jar;C:\Users\Natalija Mitic\.m2\repository\org\seleniumhq\selenium\selenium-support\4.43.0\selenium-support-4.43.0.jar;C:\Users\Natalija Mitic\.m2\repository\org\seleniumhq\selenium\selenium-chrome-driver\4.43.0\selenium-chrome-driver-4.43.0.jar;C:\Users\Natalija Mitic\.m2\repository\com\google\auto\service\auto-service-annotations\1.1.1\auto-service-annotations-1.1.1.jar;C:\Users\Natalija Mitic\.m2\repository\org\jspecify\jspecify\1.0.0\jspecify-1.0.0.jar;C:\Users\Natalija Mitic\.m2\repository\org\seleniumhq\selenium\selenium-chromium-driver\4.43.0\selenium-chromium-driver-4.43.0.jar;C:\Users\Natalija Mitic\.m2\repository\org\seleniumhq\selenium\selenium-json\4.43.0\selenium-json-4.43.0.jar;C:\Users\Natalija Mitic\.m2\repository\org\seleniumhq\selenium\selenium-manager\4.43.0\selenium-manager-4.43.0.jar;C:\Users\Natalija Mitic\.m2\repository\io\github\bonigarcia\webdrivermanager\6.3.4\webdrivermanager-6.3.4.jar;C:\Users\Natalija Mitic\.m2\repository\org\slf4j\slf4j-api\2.0.17\slf4j-api-2.0.17.jar;C:\Users\Natalija Mitic\.m2\repository\com\google\code\gson\gson\2.13.2\gson-2.13.2.jar;C:\Users\Natalija Mitic\.m2\repository\com\google\errorprone\error_prone_annotations\2.41.0\error_prone_annotations-2.41.0.jar;C:\Users\Natalija Mitic\.m2\repository\com\github\docker-java\docker-java\3.7.1\docker-java-3.7.1.jar;C:\Users\Natalija Mitic\.m2\repository\com\github\docker-java\docker-java-core\3.7.1\docker-java-core-3.7.1.jar;C:\Users\Natalija Mitic\.m2\repository\com\github\docker-java\docker-java-api\3.7.1\docker-java-api-3.7.1.jar;C:\Users\Natalija Mitic\.m2\repository\com\fasterxml\jackson\core\jackson-annotations\2.20\jackson-annotations-2.20.jar;C:\Users\Natalija Mitic\.m2\repository\com\fasterxml\jackson\core\jackson-databind\2.20.1\jackson-databind-2.20.1.jar;C:\Users\Natalija Mitic\.m2\repository\com\fasterxml\jackson\core\jackson-core\2.20.1\jackson-core-2.20.1.jar;C:\Users\Natalija Mitic\.m2\repository\org\slf4j\jcl-over-slf4j\1.7.30\jcl-over-slf4j-1.7.30.jar;C:\Users\Natalija Mitic\.m2\repository\com\github\docker-java\docker-java-transport-httpclient5\3.7.1\docker-java-transport-httpclient5-3.7.1.jar;C:\Users\Natalija Mitic\.m2\repository\com\github\docker-java\docker-java-transport\3.7.1\docker-java-transport-3.7.1.jar;C:\Users\Natalija Mitic\.m2\repository\net\java\dev\jna\jna\5.18.1\jna-5.18.1.jar;C:\Users\Natalija Mitic\.m2\repository\org\brotli\dec\0.1.2\dec-0.1.2.jar;C:\Users\Natalija Mitic\.m2\repository\org\apache\commons\commons-lang3\3.20.0\commons-lang3-3.20.0.jar;C:\Users\Natalija Mitic\.m2\repository\org\apache\commons\commons-compress\1.28.0\commons-compress-1.28.0.jar;C:\Users\Natalija Mitic\.m2\repository\org\apache\httpcomponents\client5\httpclient5\5.6\httpclient5-5.6.jar;C:\Users\Natalija Mitic\.m2\repository\org\apache\httpcomponents\core5\httpcore5\5.4\httpcore5-5.4.jar;C:\Users\Natalija Mitic\.m2\repository\org\apache\httpcomponents\core5\httpcore5-h2\5.4\httpcore5-h2-5.4.jar;C:\Users\Natalija Mitic\.m2\repository\org\testng\testng\7.12.0\testng-7.12.0.jar;C:\Users\Natalija Mitic\.m2\repository\org\jcommander\jcommander\1.83\jcommander-1.83.jar;C:\Users\Natalija Mitic\.m2\repository\org\webjars\jquery\3.7.1\jquery-3.7.1.jar;C:\Users\Natalija Mitic\.m2\repository\org\apache\poi\poi\5.5.1\poi-5.5.1.jar;C:\Users\Natalija Mitic\.m2\repository\commons-codec\commons-codec\1.20.0\commons-codec-1.20.0.jar;C:\Users\Natalija Mitic\.m2\repository\org\apache\commons\commons-collections4\4.5.0\commons-collections4-4.5.0.jar;C:\Users\Natalija Mitic\.m2\repository\org\apache\commons\commons-math3\3.6.1\commons-math3-3.6.1.jar;C:\Users\Natalija Mitic\.m2\repository\commons-io\commons-io\2.21.0\commons-io-2.21.0.jar;C:\Users\Natalija Mitic\.m2\repository\com\zaxxer\SparseBitSet\1.3\SparseBitSet-1.3.jar;C:\Users\Natalija Mitic\.m2\repository\org\apache\logging\log4j\log4j-api\2.24.3\log4j-api-2.24.3.jar;C:\Users\Natalija Mitic\.m2\repository\org\apache\poi\poi-ooxml\5.5.1\poi-ooxml-5.5.1.jar;C:\Users\Natalija Mitic\.m2\repository\org\apache\poi\poi-ooxml-lite\5.5.1\poi-ooxml-lite-5.5.1.jar;C:\Users\Natalija Mitic\.m2\repository\org\apache\xmlbeans\xmlbeans\5.3.0\xmlbeans-5.3.0.jar;C:\Users\Natalija Mitic\.m2\repository\com\github\virtuald\curvesapi\1.08\curvesapi-1.08.jar
Launcher Type: SUN_STANDARD

[Global flags]
     intx CICompilerCount                          = 3                                         {product} {ergonomic}
     uint ConcGCThreads                            = 1                                         {product} {ergonomic}
     bool EnableJVMCIProduct                       = true                                {JVMCI product} {jimage}
     uint G1ConcRefinementThreads                  = 4                                         {product} {ergonomic}
   size_t G1HeapRegionSize                         = 2097152                                   {product} {ergonomic}
    uintx GCDrainStackTargetSize                   = 64                                        {product} {ergonomic}
   size_t InitialHeapSize                          = 266338304                                 {product} {ergonomic}
   size_t MarkStackSize                            = 4194304                                   {product} {ergonomic}
   size_t MaxHeapSize                              = 4259315712                                {product} {ergonomic}
   size_t MaxNewSize                               = 2554331136                                {product} {ergonomic}
   size_t MinHeapDeltaBytes                        = 2097152                                   {product} {ergonomic}
   size_t MinHeapSize                              = 8388608                                   {product} {ergonomic}
    uintx NonNMethodCodeHeapSize                   = 6402904                                {pd product} {ergonomic}
    uintx NonProfiledCodeHeapSize                  = 122627668                              {pd product} {ergonomic}
    uintx ProfiledCodeHeapSize                     = 122627668                              {pd product} {ergonomic}
    uintx ReservedCodeCacheSize                    = 251658240                              {pd product} {ergonomic}
     bool SegmentedCodeCache                       = true                                      {product} {ergonomic}
   size_t SoftMaxHeapSize                          = 4259315712                             {manageable} {ergonomic}
      int ThreadPriorityPolicy                     = 1                                         {product} {jimage}
     bool UseCompressedOops                        = true                           {product lp64_product} {ergonomic}
     bool UseG1GC                                  = true                                      {product} {ergonomic}
     bool UseLargePagesIndividualAllocation        = false                                  {pd product} {ergonomic}

Logging:
Log output configuration:
 #0: stdout all=warning uptime,level,tags foldmultilines=false
 #1: stderr all=off uptime,level,tags foldmultilines=false

Environment Variables:
PATH=D:\\bin;D:\\libnvvp;F:\G1\Qt\5.12.2\msvc2017_64\bin;C:\Windows\system32;C:\Windows;C:\Windows\System32\Wbem;C:\Windows\System32\WindowsPowerShell\v1.0\;C:\Program Files\NVIDIA Corporation\NVIDIA NvDLISR;C:\Program Files (x86)\NVIDIA Corporation\PhysX\Common;C:\WINDOWS\system32;C:\WINDOWS;C:\WINDOWS\System32\Wbem;C:\WINDOWS\System32\WindowsPowerShell\v1.0\;C:\WINDOWS\System32\OpenSSH\;C:\local\boost_1_71_0\lib64-msvc-14.0;C:\local\CGAL\auxiliary\gmp\lib;C:\local\CGAL\build\bin;D:\Program Files\CMake\bin;D:\Program Files\MongoDB\bin;D:\Program Files\ffmpeg-20200628-4cfcfb3-win64-static\bin;D:\Program Files (x86)\sox-14-4-2;C:\WINDOWS\system32;C:\WINDOWS;C:\WINDOWS\System32\Wbem;C:\WINDOWS\System32\WindowsPowerShell\v1.0\;C:\WINDOWS\System32\OpenSSH\;C:\Program Files\PuTTY\;D:\Python_projects\FileContentChecker\dist;C:\Users\Dimitrije\AppData\Local\Programs\Python\Python310;D:\FFmpeg\bin;C:\Program Files\dotnet\;D:\R2024b\runtime\win64;C:\Users\Natalija Mitic\AppData\Local\Microsoft\WindowsApps;D:\GitHub\Git\cmd
USERNAME=Natalija Mitic
OS=Windows_NT
PROCESSOR_IDENTIFIER=Intel64 Family 6 Model 158 Stepping 9, GenuineIntel
TMP=C:\Users\NATALI~1\AppData\Local\Temp
TEMP=C:\Users\NATALI~1\AppData\Local\Temp




Periodic native trim disabled

---------------  S Y S T E M  ---------------

OS:
 Windows 10 , 64 bit Build 19041 (10.0.19041.5915)
OS uptime: 14 days 20:10 hours
Hyper-V role detected

CPU: total 4 (initial active 4) (4 cores per cpu, 1 threads per core) family 6 model 158 stepping 9 microcode 0xb4, cx8, cmov, fxsr, mmx, 3dnowpref, sse, sse2, sse3, ssse3, sse4.1, sse4.2, popcnt, lzcnt, tsc, tscinvbit, avx, avx2, aes, erms, clmul, bmi1, bmi2, adx, fma, vzeroupper, clflush, clflushopt, hv, rdtscp, f16c
Processor Information for all 4 processors :
  Max Mhz: 2501, Current Mhz: 2501, Mhz Limit: 2501

Memory: 4k page, system-wide physical 16244M (801M free)
TotalPageFile size 30244M (AvailPageFile size 18M)
current process WorkingSet (physical memory assigned to process): 224M, peak: 224M
current process commit charge ("private bytes"): 246M, peak: 412M

vm_info: Java HotSpot(TM) 64-Bit Server VM (21.0.7+8-LTS-jvmci-23.1-b60) for windows-amd64 JRE (21.0.7+8-LTS-jvmci-23.1-b60), built on 2025-02-26T11:58:54Z by "OCIWIN11Buildbot" with MS VC++ 17.6 (VS2022)

END.
